{"/Users/conalllaverty/Projects/wia-nodejs-sdk/wia.js":{"path":"/Users/conalllaverty/Projects/wia-nodejs-sdk/wia.js","statementMap":{"0":{"start":{"line":3,"column":9},"end":{"line":3,"column":22}},"1":{"start":{"line":4,"column":11},"end":{"line":4,"column":40}},"2":{"start":{"line":6,"column":0},"end":{"line":6,"column":31}},"3":{"start":{"line":7,"column":0},"end":{"line":7,"column":32}},"4":{"start":{"line":8,"column":0},"end":{"line":8,"column":25}},"5":{"start":{"line":9,"column":0},"end":{"line":9,"column":31}},"6":{"start":{"line":11,"column":0},"end":{"line":11,"column":37}},"7":{"start":{"line":12,"column":0},"end":{"line":12,"column":39}},"8":{"start":{"line":13,"column":0},"end":{"line":13,"column":33}},"9":{"start":{"line":15,"column":0},"end":{"line":15,"column":61}},"10":{"start":{"line":17,"column":0},"end":{"line":17,"column":56}},"11":{"start":{"line":19,"column":0},"end":{"line":25,"column":2}},"12":{"start":{"line":27,"column":16},"end":{"line":35,"column":1}},"13":{"start":{"line":37,"column":0},"end":{"line":37,"column":26}},"14":{"start":{"line":39,"column":16},"end":{"line":39,"column":42}},"15":{"start":{"line":40,"column":14},"end":{"line":40,"column":32}},"16":{"start":{"line":41,"column":20},"end":{"line":41,"column":50}},"17":{"start":{"line":42,"column":9},"end":{"line":42,"column":22}},"18":{"start":{"line":43,"column":9},"end":{"line":43,"column":22}},"19":{"start":{"line":46,"column":13},"end":{"line":46,"column":17}},"20":{"start":{"line":48,"column":2},"end":{"line":50,"column":3}},"21":{"start":{"line":49,"column":4},"end":{"line":49,"column":24}},"22":{"start":{"line":52,"column":2},"end":{"line":70,"column":4}},"23":{"start":{"line":72,"column":2},"end":{"line":72,"column":24}},"24":{"start":{"line":73,"column":2},"end":{"line":73,"column":21}},"25":{"start":{"line":75,"column":2},"end":{"line":102,"column":3}},"26":{"start":{"line":76,"column":25},"end":{"line":76,"column":89}},"27":{"start":{"line":77,"column":4},"end":{"line":91,"column":5}},"28":{"start":{"line":78,"column":21},"end":{"line":78,"column":60}},"29":{"start":{"line":79,"column":6},"end":{"line":90,"column":7}},"30":{"start":{"line":80,"column":26},"end":{"line":80,"column":46}},"31":{"start":{"line":81,"column":8},"end":{"line":89,"column":9}},"32":{"start":{"line":82,"column":10},"end":{"line":86,"column":11}},"33":{"start":{"line":83,"column":12},"end":{"line":85,"column":13}},"34":{"start":{"line":84,"column":15},"end":{"line":84,"column":45}},"35":{"start":{"line":88,"column":10},"end":{"line":88,"column":80}},"36":{"start":{"line":92,"column":9},"end":{"line":102,"column":3}},"37":{"start":{"line":93,"column":4},"end":{"line":97,"column":5}},"38":{"start":{"line":94,"column":6},"end":{"line":96,"column":7}},"39":{"start":{"line":95,"column":9},"end":{"line":95,"column":31}},"40":{"start":{"line":99,"column":4},"end":{"line":99,"column":58}},"41":{"start":{"line":101,"column":4},"end":{"line":101,"column":29}},"42":{"start":{"line":105,"column":0},"end":{"line":212,"column":2}},"43":{"start":{"line":107,"column":4},"end":{"line":125,"column":5}},"44":{"start":{"line":108,"column":6},"end":{"line":108,"column":52}},"45":{"start":{"line":109,"column":17},"end":{"line":109,"column":21}},"46":{"start":{"line":110,"column":6},"end":{"line":124,"column":9}},"47":{"start":{"line":117,"column":8},"end":{"line":119,"column":9}},"48":{"start":{"line":118,"column":10},"end":{"line":118,"column":29}},"49":{"start":{"line":121,"column":8},"end":{"line":123,"column":9}},"50":{"start":{"line":122,"column":10},"end":{"line":122,"column":33}},"51":{"start":{"line":129,"column":4},"end":{"line":129,"column":27}},"52":{"start":{"line":133,"column":4},"end":{"line":135,"column":5}},"53":{"start":{"line":134,"column":6},"end":{"line":134,"column":36}},"54":{"start":{"line":136,"column":4},"end":{"line":136,"column":26}},"55":{"start":{"line":140,"column":4},"end":{"line":140,"column":171}},"56":{"start":{"line":144,"column":4},"end":{"line":146,"column":5}},"57":{"start":{"line":145,"column":6},"end":{"line":145,"column":43}},"58":{"start":{"line":147,"column":4},"end":{"line":151,"column":7}},"59":{"start":{"line":148,"column":6},"end":{"line":148,"column":48}},"60":{"start":{"line":149,"column":6},"end":{"line":149,"column":65}},"61":{"start":{"line":150,"column":6},"end":{"line":150,"column":36}},"62":{"start":{"line":155,"column":14},"end":{"line":155,"column":16}},"63":{"start":{"line":156,"column":4},"end":{"line":158,"column":5}},"64":{"start":{"line":157,"column":6},"end":{"line":157,"column":56}},"65":{"start":{"line":159,"column":4},"end":{"line":159,"column":15}},"66":{"start":{"line":163,"column":4},"end":{"line":175,"column":7}},"67":{"start":{"line":168,"column":6},"end":{"line":174,"column":7}},"68":{"start":{"line":169,"column":8},"end":{"line":169,"column":42}},"69":{"start":{"line":169,"column":19},"end":{"line":169,"column":42}},"70":{"start":{"line":170,"column":8},"end":{"line":173,"column":91}},"71":{"start":{"line":171,"column":10},"end":{"line":171,"column":25}},"72":{"start":{"line":173,"column":10},"end":{"line":173,"column":91}},"73":{"start":{"line":179,"column":4},"end":{"line":198,"column":7}},"74":{"start":{"line":185,"column":6},"end":{"line":197,"column":7}},"75":{"start":{"line":186,"column":8},"end":{"line":188,"column":9}},"76":{"start":{"line":187,"column":10},"end":{"line":187,"column":33}},"77":{"start":{"line":190,"column":8},"end":{"line":196,"column":9}},"78":{"start":{"line":191,"column":10},"end":{"line":195,"column":11}},"79":{"start":{"line":192,"column":12},"end":{"line":192,"column":34}},"80":{"start":{"line":194,"column":12},"end":{"line":194,"column":100}},"81":{"start":{"line":202,"column":4},"end":{"line":206,"column":5}},"82":{"start":{"line":203,"column":6},"end":{"line":205,"column":36}},"83":{"start":{"line":210,"column":4},"end":{"line":210,"column":38}},"84":{"start":{"line":214,"column":0},"end":{"line":214,"column":21}}},"fnMap":{"0":{"name":"Wia","decl":{"start":{"line":45,"column":9},"end":{"line":45,"column":12}},"loc":{"start":{"line":45,"column":18},"end":{"line":103,"column":1}},"line":45},"1":{"name":"(anonymous_1)","decl":{"start":{"line":106,"column":18},"end":{"line":106,"column":19}},"loc":{"start":{"line":106,"column":40},"end":{"line":126,"column":3}},"line":106},"2":{"name":"(anonymous_2)","decl":{"start":{"line":116,"column":9},"end":{"line":116,"column":10}},"loc":{"start":{"line":116,"column":42},"end":{"line":124,"column":7}},"line":116},"3":{"name":"(anonymous_3)","decl":{"start":{"line":128,"column":16},"end":{"line":128,"column":17}},"loc":{"start":{"line":128,"column":37},"end":{"line":130,"column":3}},"line":128},"4":{"name":"(anonymous_4)","decl":{"start":{"line":132,"column":15},"end":{"line":132,"column":16}},"loc":{"start":{"line":132,"column":37},"end":{"line":137,"column":3}},"line":132},"5":{"name":"(anonymous_5)","decl":{"start":{"line":139,"column":13},"end":{"line":139,"column":14}},"loc":{"start":{"line":139,"column":24},"end":{"line":141,"column":3}},"line":139},"6":{"name":"(anonymous_6)","decl":{"start":{"line":143,"column":22},"end":{"line":143,"column":23}},"loc":{"start":{"line":143,"column":35},"end":{"line":152,"column":3}},"line":143},"7":{"name":"(anonymous_7)","decl":{"start":{"line":147,"column":21},"end":{"line":147,"column":22}},"loc":{"start":{"line":147,"column":42},"end":{"line":151,"column":5}},"line":147},"8":{"name":"(anonymous_8)","decl":{"start":{"line":154,"column":14},"end":{"line":154,"column":15}},"loc":{"start":{"line":154,"column":25},"end":{"line":160,"column":3}},"line":154},"9":{"name":"(anonymous_9)","decl":{"start":{"line":162,"column":23},"end":{"line":162,"column":24}},"loc":{"start":{"line":162,"column":42},"end":{"line":176,"column":3}},"line":162},"10":{"name":"(anonymous_10)","decl":{"start":{"line":167,"column":7},"end":{"line":167,"column":8}},"loc":{"start":{"line":167,"column":40},"end":{"line":175,"column":5}},"line":167},"11":{"name":"(anonymous_11)","decl":{"start":{"line":178,"column":10},"end":{"line":178,"column":11}},"loc":{"start":{"line":178,"column":23},"end":{"line":199,"column":3}},"line":178},"12":{"name":"(anonymous_12)","decl":{"start":{"line":184,"column":7},"end":{"line":184,"column":8}},"loc":{"start":{"line":184,"column":40},"end":{"line":198,"column":5}},"line":184},"13":{"name":"(anonymous_13)","decl":{"start":{"line":201,"column":18},"end":{"line":201,"column":19}},"loc":{"start":{"line":201,"column":29},"end":{"line":207,"column":3}},"line":201},"14":{"name":"(anonymous_14)","decl":{"start":{"line":209,"column":15},"end":{"line":209,"column":16}},"loc":{"start":{"line":209,"column":26},"end":{"line":211,"column":3}},"line":209}},"branchMap":{"0":{"loc":{"start":{"line":48,"column":2},"end":{"line":50,"column":3}},"type":"if","locations":[{"start":{"line":48,"column":2},"end":{"line":50,"column":3}},{"start":{"line":48,"column":2},"end":{"line":50,"column":3}}],"line":48},"1":{"loc":{"start":{"line":75,"column":2},"end":{"line":102,"column":3}},"type":"if","locations":[{"start":{"line":75,"column":2},"end":{"line":102,"column":3}},{"start":{"line":75,"column":2},"end":{"line":102,"column":3}}],"line":75},"2":{"loc":{"start":{"line":75,"column":6},"end":{"line":75,"column":29}},"type":"binary-expr","locations":[{"start":{"line":75,"column":6},"end":{"line":75,"column":10}},{"start":{"line":75,"column":14},"end":{"line":75,"column":29}}],"line":75},"3":{"loc":{"start":{"line":76,"column":25},"end":{"line":76,"column":89}},"type":"binary-expr","locations":[{"start":{"line":76,"column":25},"end":{"line":76,"column":57}},{"start":{"line":76,"column":61},"end":{"line":76,"column":89}}],"line":76},"4":{"loc":{"start":{"line":77,"column":4},"end":{"line":91,"column":5}},"type":"if","locations":[{"start":{"line":77,"column":4},"end":{"line":91,"column":5}},{"start":{"line":77,"column":4},"end":{"line":91,"column":5}}],"line":77},"5":{"loc":{"start":{"line":79,"column":6},"end":{"line":90,"column":7}},"type":"if","locations":[{"start":{"line":79,"column":6},"end":{"line":90,"column":7}},{"start":{"line":79,"column":6},"end":{"line":90,"column":7}}],"line":79},"6":{"loc":{"start":{"line":81,"column":8},"end":{"line":89,"column":9}},"type":"if","locations":[{"start":{"line":81,"column":8},"end":{"line":89,"column":9}},{"start":{"line":81,"column":8},"end":{"line":89,"column":9}}],"line":81},"7":{"loc":{"start":{"line":83,"column":12},"end":{"line":85,"column":13}},"type":"if","locations":[{"start":{"line":83,"column":12},"end":{"line":85,"column":13}},{"start":{"line":83,"column":12},"end":{"line":85,"column":13}}],"line":83},"8":{"loc":{"start":{"line":88,"column":30},"end":{"line":88,"column":78}},"type":"binary-expr","locations":[{"start":{"line":88,"column":30},"end":{"line":88,"column":53}},{"start":{"line":88,"column":57},"end":{"line":88,"column":78}}],"line":88},"9":{"loc":{"start":{"line":92,"column":9},"end":{"line":102,"column":3}},"type":"if","locations":[{"start":{"line":92,"column":9},"end":{"line":102,"column":3}},{"start":{"line":92,"column":9},"end":{"line":102,"column":3}}],"line":92},"10":{"loc":{"start":{"line":94,"column":6},"end":{"line":96,"column":7}},"type":"if","locations":[{"start":{"line":94,"column":6},"end":{"line":96,"column":7}},{"start":{"line":94,"column":6},"end":{"line":96,"column":7}}],"line":94},"11":{"loc":{"start":{"line":99,"column":24},"end":{"line":99,"column":56}},"type":"binary-expr","locations":[{"start":{"line":99,"column":24},"end":{"line":99,"column":39}},{"start":{"line":99,"column":43},"end":{"line":99,"column":56}}],"line":99},"12":{"loc":{"start":{"line":107,"column":4},"end":{"line":125,"column":5}},"type":"if","locations":[{"start":{"line":107,"column":4},"end":{"line":125,"column":5}},{"start":{"line":107,"column":4},"end":{"line":125,"column":5}}],"line":107},"13":{"loc":{"start":{"line":117,"column":8},"end":{"line":119,"column":9}},"type":"if","locations":[{"start":{"line":117,"column":8},"end":{"line":119,"column":9}},{"start":{"line":117,"column":8},"end":{"line":119,"column":9}}],"line":117},"14":{"loc":{"start":{"line":121,"column":8},"end":{"line":123,"column":9}},"type":"if","locations":[{"start":{"line":121,"column":8},"end":{"line":123,"column":9}},{"start":{"line":121,"column":8},"end":{"line":123,"column":9}}],"line":121},"15":{"loc":{"start":{"line":133,"column":4},"end":{"line":135,"column":5}},"type":"if","locations":[{"start":{"line":133,"column":4},"end":{"line":135,"column":5}},{"start":{"line":133,"column":4},"end":{"line":135,"column":5}}],"line":133},"16":{"loc":{"start":{"line":144,"column":4},"end":{"line":146,"column":5}},"type":"if","locations":[{"start":{"line":144,"column":4},"end":{"line":146,"column":5}},{"start":{"line":144,"column":4},"end":{"line":146,"column":5}}],"line":144},"17":{"loc":{"start":{"line":148,"column":29},"end":{"line":148,"column":47}},"type":"binary-expr","locations":[{"start":{"line":148,"column":29},"end":{"line":148,"column":34}},{"start":{"line":148,"column":38},"end":{"line":148,"column":47}}],"line":148},"18":{"loc":{"start":{"line":156,"column":4},"end":{"line":158,"column":5}},"type":"if","locations":[{"start":{"line":156,"column":4},"end":{"line":158,"column":5}},{"start":{"line":156,"column":4},"end":{"line":158,"column":5}}],"line":156},"19":{"loc":{"start":{"line":168,"column":6},"end":{"line":174,"column":7}},"type":"if","locations":[{"start":{"line":168,"column":6},"end":{"line":174,"column":7}},{"start":{"line":168,"column":6},"end":{"line":174,"column":7}}],"line":168},"20":{"loc":{"start":{"line":169,"column":8},"end":{"line":169,"column":42}},"type":"if","locations":[{"start":{"line":169,"column":8},"end":{"line":169,"column":42}},{"start":{"line":169,"column":8},"end":{"line":169,"column":42}}],"line":169},"21":{"loc":{"start":{"line":170,"column":8},"end":{"line":173,"column":91}},"type":"if","locations":[{"start":{"line":170,"column":8},"end":{"line":173,"column":91}},{"start":{"line":170,"column":8},"end":{"line":173,"column":91}}],"line":170},"22":{"loc":{"start":{"line":170,"column":12},"end":{"line":170,"column":70}},"type":"binary-expr","locations":[{"start":{"line":170,"column":12},"end":{"line":170,"column":39}},{"start":{"line":170,"column":43},"end":{"line":170,"column":70}}],"line":170},"23":{"loc":{"start":{"line":173,"column":72},"end":{"line":173,"column":82}},"type":"binary-expr","locations":[{"start":{"line":173,"column":72},"end":{"line":173,"column":76}},{"start":{"line":173,"column":80},"end":{"line":173,"column":82}}],"line":173},"24":{"loc":{"start":{"line":185,"column":6},"end":{"line":197,"column":7}},"type":"if","locations":[{"start":{"line":185,"column":6},"end":{"line":197,"column":7}},{"start":{"line":185,"column":6},"end":{"line":197,"column":7}}],"line":185},"25":{"loc":{"start":{"line":186,"column":8},"end":{"line":188,"column":9}},"type":"if","locations":[{"start":{"line":186,"column":8},"end":{"line":188,"column":9}},{"start":{"line":186,"column":8},"end":{"line":188,"column":9}}],"line":186},"26":{"loc":{"start":{"line":190,"column":8},"end":{"line":196,"column":9}},"type":"if","locations":[{"start":{"line":190,"column":8},"end":{"line":196,"column":9}},{"start":{"line":190,"column":8},"end":{"line":196,"column":9}}],"line":190},"27":{"loc":{"start":{"line":191,"column":10},"end":{"line":195,"column":11}},"type":"if","locations":[{"start":{"line":191,"column":10},"end":{"line":195,"column":11}},{"start":{"line":191,"column":10},"end":{"line":195,"column":11}}],"line":191},"28":{"loc":{"start":{"line":194,"column":81},"end":{"line":194,"column":91}},"type":"binary-expr","locations":[{"start":{"line":194,"column":81},"end":{"line":194,"column":85}},{"start":{"line":194,"column":89},"end":{"line":194,"column":91}}],"line":194}},"s":{"0":1,"1":1,"2":1,"3":1,"4":1,"5":1,"6":1,"7":1,"8":1,"9":1,"10":1,"11":1,"12":1,"13":1,"14":1,"15":1,"16":1,"17":1,"18":1,"19":4,"20":4,"21":1,"22":3,"23":3,"24":3,"25":3,"26":0,"27":0,"28":0,"29":0,"30":0,"31":0,"32":0,"33":0,"34":0,"35":0,"36":3,"37":3,"38":4,"39":4,"40":3,"41":0,"42":1,"43":3,"44":2,"45":2,"46":2,"47":2,"48":0,"49":2,"50":2,"51":2,"52":39,"53":26,"54":13,"55":5,"56":0,"57":0,"58":0,"59":0,"60":0,"61":0,"62":5,"63":5,"64":1,"65":5,"66":0,"67":0,"68":0,"69":0,"70":0,"71":0,"72":0,"73":0,"74":0,"75":0,"76":0,"77":0,"78":0,"79":0,"80":0,"81":3,"82":21,"83":3,"84":1},"f":{"0":4,"1":3,"2":2,"3":2,"4":39,"5":5,"6":0,"7":0,"8":5,"9":0,"10":0,"11":0,"12":0,"13":3,"14":3},"b":{"0":[1,3],"1":[0,3],"2":[3,3],"3":[0,0],"4":[0,0],"5":[0,0],"6":[0,0],"7":[0,0],"8":[0,0],"9":[3,0],"10":[4,0],"11":[3,2],"12":[2,1],"13":[0,2],"14":[2,0],"15":[26,13],"16":[0,0],"17":[0,0],"18":[1,4],"19":[0,0],"20":[0,0],"21":[0,0],"22":[0,0],"23":[0,0],"24":[0,0],"25":[0,0],"26":[0,0],"27":[0,0],"28":[0,0]},"_coverageSchema":"332fd63041d2c1bcb487cc26dd0d5f7d97098a6c","hash":"ee586e393141699ad36d27ee65eccb3a7092bd85","contentHash":"9d2330114075b86acc21759642307cad_11.1.0"},"/Users/conalllaverty/Projects/wia-nodejs-sdk/lib/resources/Commands.js":{"path":"/Users/conalllaverty/Projects/wia-nodejs-sdk/lib/resources/Commands.js","statementMap":{"0":{"start":{"line":3,"column":20},"end":{"line":3,"column":47}},"1":{"start":{"line":4,"column":14},"end":{"line":4,"column":32}},"2":{"start":{"line":7,"column":2},"end":{"line":21,"column":3}},"3":{"start":{"line":8,"column":4},"end":{"line":8,"column":89}},"4":{"start":{"line":8,"column":14},"end":{"line":8,"column":89}},"5":{"start":{"line":10,"column":4},"end":{"line":20,"column":5}},"6":{"start":{"line":11,"column":6},"end":{"line":11,"column":102}},"7":{"start":{"line":13,"column":6},"end":{"line":19,"column":15}},"8":{"start":{"line":14,"column":8},"end":{"line":18,"column":9}},"9":{"start":{"line":15,"column":10},"end":{"line":15,"column":106}},"10":{"start":{"line":17,"column":10},"end":{"line":17,"column":107}},"11":{"start":{"line":24,"column":0},"end":{"line":24,"column":37}}},"fnMap":{"0":{"name":"WiaResourceCommands","decl":{"start":{"line":6,"column":9},"end":{"line":6,"column":28}},"loc":{"start":{"line":6,"column":34},"end":{"line":22,"column":1}},"line":6},"1":{"name":"(anonymous_1)","decl":{"start":{"line":7,"column":13},"end":{"line":7,"column":14}},"loc":{"start":{"line":7,"column":31},"end":{"line":21,"column":3}},"line":7},"2":{"name":"(anonymous_2)","decl":{"start":{"line":13,"column":17},"end":{"line":13,"column":18}},"loc":{"start":{"line":13,"column":28},"end":{"line":19,"column":7}},"line":13}},"branchMap":{"0":{"loc":{"start":{"line":8,"column":4},"end":{"line":8,"column":89}},"type":"if","locations":[{"start":{"line":8,"column":4},"end":{"line":8,"column":89}},{"start":{"line":8,"column":4},"end":{"line":8,"column":89}}],"line":8},"1":{"loc":{"start":{"line":10,"column":4},"end":{"line":20,"column":5}},"type":"if","locations":[{"start":{"line":10,"column":4},"end":{"line":20,"column":5}},{"start":{"line":10,"column":4},"end":{"line":20,"column":5}}],"line":10},"2":{"loc":{"start":{"line":10,"column":8},"end":{"line":10,"column":42}},"type":"binary-expr","locations":[{"start":{"line":10,"column":8},"end":{"line":10,"column":18}},{"start":{"line":10,"column":22},"end":{"line":10,"column":42}}],"line":10},"3":{"loc":{"start":{"line":11,"column":64},"end":{"line":11,"column":96}},"type":"cond-expr","locations":[{"start":{"line":11,"column":70},"end":{"line":11,"column":89}},{"start":{"line":11,"column":92},"end":{"line":11,"column":96}}],"line":11},"4":{"loc":{"start":{"line":14,"column":8},"end":{"line":18,"column":9}},"type":"if","locations":[{"start":{"line":14,"column":8},"end":{"line":18,"column":9}},{"start":{"line":14,"column":8},"end":{"line":18,"column":9}}],"line":14},"5":{"loc":{"start":{"line":14,"column":12},"end":{"line":14,"column":46}},"type":"binary-expr","locations":[{"start":{"line":14,"column":12},"end":{"line":14,"column":22}},{"start":{"line":14,"column":26},"end":{"line":14,"column":46}}],"line":14},"6":{"loc":{"start":{"line":15,"column":68},"end":{"line":15,"column":100}},"type":"cond-expr","locations":[{"start":{"line":15,"column":74},"end":{"line":15,"column":93}},{"start":{"line":15,"column":96},"end":{"line":15,"column":100}}],"line":15}},"s":{"0":1,"1":1,"2":3,"3":0,"4":0,"5":0,"6":0,"7":0,"8":0,"9":0,"10":0,"11":1},"f":{"0":3,"1":0,"2":0},"b":{"0":[0,0],"1":[0,0],"2":[0,0],"3":[0,0],"4":[0,0],"5":[0,0],"6":[0,0]},"_coverageSchema":"332fd63041d2c1bcb487cc26dd0d5f7d97098a6c","hash":"df0fa4e1a1ab69418d00fa5608fa12ab1282475d","contentHash":"25966f3ce5b06a222e664da206f9a7ad_11.1.0"},"/Users/conalllaverty/Projects/wia-nodejs-sdk/lib/WiaExceptions.js":{"path":"/Users/conalllaverty/Projects/wia-nodejs-sdk/lib/WiaExceptions.js","statementMap":{"0":{"start":{"line":3,"column":0},"end":{"line":17,"column":1}},"1":{"start":{"line":5,"column":14},"end":{"line":5,"column":44}},"2":{"start":{"line":7,"column":4},"end":{"line":7,"column":37}},"3":{"start":{"line":8,"column":4},"end":{"line":8,"column":32}},"4":{"start":{"line":10,"column":16},"end":{"line":10,"column":38}},"5":{"start":{"line":11,"column":4},"end":{"line":11,"column":26}},"6":{"start":{"line":12,"column":4},"end":{"line":12,"column":28}},"7":{"start":{"line":13,"column":4},"end":{"line":13,"column":31}},"8":{"start":{"line":15,"column":4},"end":{"line":15,"column":15}}},"fnMap":{"0":{"name":"(anonymous_0)","decl":{"start":{"line":4,"column":23},"end":{"line":4,"column":24}},"loc":{"start":{"line":4,"column":49},"end":{"line":16,"column":3}},"line":4}},"branchMap":{"0":{"loc":{"start":{"line":8,"column":18},"end":{"line":8,"column":31}},"type":"binary-expr","locations":[{"start":{"line":8,"column":18},"end":{"line":8,"column":25}},{"start":{"line":8,"column":29},"end":{"line":8,"column":31}}],"line":8},"1":{"loc":{"start":{"line":13,"column":17},"end":{"line":13,"column":30}},"type":"binary-expr","locations":[{"start":{"line":13,"column":17},"end":{"line":13,"column":23}},{"start":{"line":13,"column":27},"end":{"line":13,"column":30}}],"line":13}},"s":{"0":1,"1":0,"2":0,"3":0,"4":0,"5":0,"6":0,"7":0,"8":0},"f":{"0":0},"b":{"0":[0,0],"1":[0,0]},"_coverageSchema":"332fd63041d2c1bcb487cc26dd0d5f7d97098a6c","hash":"c38c4d18dc3c6611411b11a271db61e7bbd2859b","contentHash":"54d9aab9d860e4cdc96a6000003641a6_11.1.0"},"/Users/conalllaverty/Projects/wia-nodejs-sdk/lib/resources/Devices.js":{"path":"/Users/conalllaverty/Projects/wia-nodejs-sdk/lib/resources/Devices.js","statementMap":{"0":{"start":{"line":3,"column":20},"end":{"line":3,"column":47}},"1":{"start":{"line":4,"column":14},"end":{"line":4,"column":32}},"2":{"start":{"line":7,"column":2},"end":{"line":140,"column":3}},"3":{"start":{"line":8,"column":4},"end":{"line":8,"column":89}},"4":{"start":{"line":8,"column":14},"end":{"line":8,"column":89}},"5":{"start":{"line":10,"column":4},"end":{"line":25,"column":7}},"6":{"start":{"line":18,"column":6},"end":{"line":24,"column":7}},"7":{"start":{"line":19,"column":8},"end":{"line":19,"column":42}},"8":{"start":{"line":19,"column":19},"end":{"line":19,"column":42}},"9":{"start":{"line":20,"column":8},"end":{"line":23,"column":79}},"10":{"start":{"line":21,"column":10},"end":{"line":21,"column":25}},"11":{"start":{"line":23,"column":10},"end":{"line":23,"column":79}},"12":{"start":{"line":28,"column":4},"end":{"line":28,"column":89}},"13":{"start":{"line":28,"column":14},"end":{"line":28,"column":89}},"14":{"start":{"line":30,"column":4},"end":{"line":63,"column":5}},"15":{"start":{"line":31,"column":6},"end":{"line":45,"column":9}},"16":{"start":{"line":38,"column":8},"end":{"line":44,"column":9}},"17":{"start":{"line":39,"column":10},"end":{"line":39,"column":44}},"18":{"start":{"line":39,"column":21},"end":{"line":39,"column":44}},"19":{"start":{"line":40,"column":10},"end":{"line":43,"column":87}},"20":{"start":{"line":41,"column":12},"end":{"line":41,"column":27}},"21":{"start":{"line":43,"column":12},"end":{"line":43,"column":87}},"22":{"start":{"line":46,"column":11},"end":{"line":63,"column":5}},"23":{"start":{"line":47,"column":6},"end":{"line":62,"column":9}},"24":{"start":{"line":55,"column":8},"end":{"line":61,"column":9}},"25":{"start":{"line":56,"column":10},"end":{"line":56,"column":44}},"26":{"start":{"line":56,"column":21},"end":{"line":56,"column":44}},"27":{"start":{"line":57,"column":10},"end":{"line":60,"column":87}},"28":{"start":{"line":58,"column":12},"end":{"line":58,"column":27}},"29":{"start":{"line":60,"column":12},"end":{"line":60,"column":87}},"30":{"start":{"line":66,"column":4},"end":{"line":82,"column":7}},"31":{"start":{"line":74,"column":6},"end":{"line":81,"column":7}},"32":{"start":{"line":75,"column":8},"end":{"line":75,"column":42}},"33":{"start":{"line":75,"column":19},"end":{"line":75,"column":42}},"34":{"start":{"line":77,"column":8},"end":{"line":80,"column":85}},"35":{"start":{"line":78,"column":10},"end":{"line":78,"column":25}},"36":{"start":{"line":80,"column":10},"end":{"line":80,"column":85}},"37":{"start":{"line":85,"column":4},"end":{"line":99,"column":7}},"38":{"start":{"line":92,"column":6},"end":{"line":98,"column":7}},"39":{"start":{"line":93,"column":8},"end":{"line":93,"column":42}},"40":{"start":{"line":93,"column":19},"end":{"line":93,"column":42}},"41":{"start":{"line":94,"column":8},"end":{"line":97,"column":85}},"42":{"start":{"line":95,"column":10},"end":{"line":95,"column":25}},"43":{"start":{"line":97,"column":10},"end":{"line":97,"column":85}},"44":{"start":{"line":102,"column":4},"end":{"line":117,"column":7}},"45":{"start":{"line":110,"column":6},"end":{"line":116,"column":7}},"46":{"start":{"line":111,"column":8},"end":{"line":111,"column":42}},"47":{"start":{"line":111,"column":19},"end":{"line":111,"column":42}},"48":{"start":{"line":112,"column":8},"end":{"line":115,"column":85}},"49":{"start":{"line":113,"column":10},"end":{"line":113,"column":25}},"50":{"start":{"line":115,"column":10},"end":{"line":115,"column":85}},"51":{"start":{"line":120,"column":4},"end":{"line":120,"column":60}},"52":{"start":{"line":120,"column":14},"end":{"line":120,"column":60}},"53":{"start":{"line":121,"column":4},"end":{"line":128,"column":5}},"54":{"start":{"line":122,"column":6},"end":{"line":124,"column":7}},"55":{"start":{"line":123,"column":8},"end":{"line":123,"column":51}},"56":{"start":{"line":125,"column":6},"end":{"line":125,"column":59}},"57":{"start":{"line":127,"column":6},"end":{"line":127,"column":56}},"58":{"start":{"line":131,"column":4},"end":{"line":131,"column":60}},"59":{"start":{"line":131,"column":14},"end":{"line":131,"column":60}},"60":{"start":{"line":132,"column":4},"end":{"line":139,"column":5}},"61":{"start":{"line":133,"column":6},"end":{"line":135,"column":7}},"62":{"start":{"line":134,"column":8},"end":{"line":134,"column":51}},"63":{"start":{"line":136,"column":6},"end":{"line":136,"column":61}},"64":{"start":{"line":138,"column":6},"end":{"line":138,"column":58}},"65":{"start":{"line":143,"column":0},"end":{"line":143,"column":36}}},"fnMap":{"0":{"name":"WiaResourceDevices","decl":{"start":{"line":6,"column":9},"end":{"line":6,"column":27}},"loc":{"start":{"line":6,"column":33},"end":{"line":141,"column":1}},"line":6},"1":{"name":"(anonymous_1)","decl":{"start":{"line":7,"column":16},"end":{"line":7,"column":17}},"loc":{"start":{"line":7,"column":34},"end":{"line":26,"column":3}},"line":7},"2":{"name":"(anonymous_2)","decl":{"start":{"line":17,"column":7},"end":{"line":17,"column":8}},"loc":{"start":{"line":17,"column":40},"end":{"line":25,"column":5}},"line":17},"3":{"name":"(anonymous_3)","decl":{"start":{"line":27,"column":18},"end":{"line":27,"column":19}},"loc":{"start":{"line":27,"column":36},"end":{"line":64,"column":3}},"line":27},"4":{"name":"(anonymous_4)","decl":{"start":{"line":37,"column":9},"end":{"line":37,"column":10}},"loc":{"start":{"line":37,"column":42},"end":{"line":45,"column":7}},"line":37},"5":{"name":"(anonymous_5)","decl":{"start":{"line":54,"column":9},"end":{"line":54,"column":10}},"loc":{"start":{"line":54,"column":42},"end":{"line":62,"column":7}},"line":54},"6":{"name":"(anonymous_6)","decl":{"start":{"line":65,"column":16},"end":{"line":65,"column":17}},"loc":{"start":{"line":65,"column":38},"end":{"line":83,"column":3}},"line":65},"7":{"name":"(anonymous_7)","decl":{"start":{"line":73,"column":7},"end":{"line":73,"column":8}},"loc":{"start":{"line":73,"column":40},"end":{"line":82,"column":5}},"line":73},"8":{"name":"(anonymous_8)","decl":{"start":{"line":84,"column":16},"end":{"line":84,"column":17}},"loc":{"start":{"line":84,"column":33},"end":{"line":100,"column":3}},"line":84},"9":{"name":"(anonymous_9)","decl":{"start":{"line":91,"column":7},"end":{"line":91,"column":8}},"loc":{"start":{"line":91,"column":40},"end":{"line":99,"column":5}},"line":91},"10":{"name":"(anonymous_10)","decl":{"start":{"line":101,"column":14},"end":{"line":101,"column":15}},"loc":{"start":{"line":101,"column":32},"end":{"line":118,"column":3}},"line":101},"11":{"name":"(anonymous_11)","decl":{"start":{"line":109,"column":7},"end":{"line":109,"column":8}},"loc":{"start":{"line":109,"column":40},"end":{"line":117,"column":5}},"line":109},"12":{"name":"(anonymous_12)","decl":{"start":{"line":119,"column":19},"end":{"line":119,"column":20}},"loc":{"start":{"line":119,"column":37},"end":{"line":129,"column":3}},"line":119},"13":{"name":"(anonymous_13)","decl":{"start":{"line":130,"column":21},"end":{"line":130,"column":22}},"loc":{"start":{"line":130,"column":39},"end":{"line":140,"column":3}},"line":130}},"branchMap":{"0":{"loc":{"start":{"line":8,"column":4},"end":{"line":8,"column":89}},"type":"if","locations":[{"start":{"line":8,"column":4},"end":{"line":8,"column":89}},{"start":{"line":8,"column":4},"end":{"line":8,"column":89}}],"line":8},"1":{"loc":{"start":{"line":18,"column":6},"end":{"line":24,"column":7}},"type":"if","locations":[{"start":{"line":18,"column":6},"end":{"line":24,"column":7}},{"start":{"line":18,"column":6},"end":{"line":24,"column":7}}],"line":18},"2":{"loc":{"start":{"line":19,"column":8},"end":{"line":19,"column":42}},"type":"if","locations":[{"start":{"line":19,"column":8},"end":{"line":19,"column":42}},{"start":{"line":19,"column":8},"end":{"line":19,"column":42}}],"line":19},"3":{"loc":{"start":{"line":20,"column":8},"end":{"line":23,"column":79}},"type":"if","locations":[{"start":{"line":20,"column":8},"end":{"line":23,"column":79}},{"start":{"line":20,"column":8},"end":{"line":23,"column":79}}],"line":20},"4":{"loc":{"start":{"line":20,"column":12},"end":{"line":20,"column":68}},"type":"binary-expr","locations":[{"start":{"line":20,"column":12},"end":{"line":20,"column":38}},{"start":{"line":20,"column":42},"end":{"line":20,"column":68}}],"line":20},"5":{"loc":{"start":{"line":28,"column":4},"end":{"line":28,"column":89}},"type":"if","locations":[{"start":{"line":28,"column":4},"end":{"line":28,"column":89}},{"start":{"line":28,"column":4},"end":{"line":28,"column":89}}],"line":28},"6":{"loc":{"start":{"line":30,"column":4},"end":{"line":63,"column":5}},"type":"if","locations":[{"start":{"line":30,"column":4},"end":{"line":63,"column":5}},{"start":{"line":30,"column":4},"end":{"line":63,"column":5}}],"line":30},"7":{"loc":{"start":{"line":38,"column":8},"end":{"line":44,"column":9}},"type":"if","locations":[{"start":{"line":38,"column":8},"end":{"line":44,"column":9}},{"start":{"line":38,"column":8},"end":{"line":44,"column":9}}],"line":38},"8":{"loc":{"start":{"line":39,"column":10},"end":{"line":39,"column":44}},"type":"if","locations":[{"start":{"line":39,"column":10},"end":{"line":39,"column":44}},{"start":{"line":39,"column":10},"end":{"line":39,"column":44}}],"line":39},"9":{"loc":{"start":{"line":40,"column":10},"end":{"line":43,"column":87}},"type":"if","locations":[{"start":{"line":40,"column":10},"end":{"line":43,"column":87}},{"start":{"line":40,"column":10},"end":{"line":43,"column":87}}],"line":40},"10":{"loc":{"start":{"line":43,"column":74},"end":{"line":43,"column":84}},"type":"binary-expr","locations":[{"start":{"line":43,"column":74},"end":{"line":43,"column":78}},{"start":{"line":43,"column":82},"end":{"line":43,"column":84}}],"line":43},"11":{"loc":{"start":{"line":46,"column":11},"end":{"line":63,"column":5}},"type":"if","locations":[{"start":{"line":46,"column":11},"end":{"line":63,"column":5}},{"start":{"line":46,"column":11},"end":{"line":63,"column":5}}],"line":46},"12":{"loc":{"start":{"line":53,"column":12},"end":{"line":53,"column":23}},"type":"binary-expr","locations":[{"start":{"line":53,"column":12},"end":{"line":53,"column":15}},{"start":{"line":53,"column":19},"end":{"line":53,"column":23}}],"line":53},"13":{"loc":{"start":{"line":55,"column":8},"end":{"line":61,"column":9}},"type":"if","locations":[{"start":{"line":55,"column":8},"end":{"line":61,"column":9}},{"start":{"line":55,"column":8},"end":{"line":61,"column":9}}],"line":55},"14":{"loc":{"start":{"line":56,"column":10},"end":{"line":56,"column":44}},"type":"if","locations":[{"start":{"line":56,"column":10},"end":{"line":56,"column":44}},{"start":{"line":56,"column":10},"end":{"line":56,"column":44}}],"line":56},"15":{"loc":{"start":{"line":57,"column":10},"end":{"line":60,"column":87}},"type":"if","locations":[{"start":{"line":57,"column":10},"end":{"line":60,"column":87}},{"start":{"line":57,"column":10},"end":{"line":60,"column":87}}],"line":57},"16":{"loc":{"start":{"line":60,"column":74},"end":{"line":60,"column":84}},"type":"binary-expr","locations":[{"start":{"line":60,"column":74},"end":{"line":60,"column":78}},{"start":{"line":60,"column":82},"end":{"line":60,"column":84}}],"line":60},"17":{"loc":{"start":{"line":74,"column":6},"end":{"line":81,"column":7}},"type":"if","locations":[{"start":{"line":74,"column":6},"end":{"line":81,"column":7}},{"start":{"line":74,"column":6},"end":{"line":81,"column":7}}],"line":74},"18":{"loc":{"start":{"line":75,"column":8},"end":{"line":75,"column":42}},"type":"if","locations":[{"start":{"line":75,"column":8},"end":{"line":75,"column":42}},{"start":{"line":75,"column":8},"end":{"line":75,"column":42}}],"line":75},"19":{"loc":{"start":{"line":77,"column":8},"end":{"line":80,"column":85}},"type":"if","locations":[{"start":{"line":77,"column":8},"end":{"line":80,"column":85}},{"start":{"line":77,"column":8},"end":{"line":80,"column":85}}],"line":77},"20":{"loc":{"start":{"line":80,"column":72},"end":{"line":80,"column":82}},"type":"binary-expr","locations":[{"start":{"line":80,"column":72},"end":{"line":80,"column":76}},{"start":{"line":80,"column":80},"end":{"line":80,"column":82}}],"line":80},"21":{"loc":{"start":{"line":92,"column":6},"end":{"line":98,"column":7}},"type":"if","locations":[{"start":{"line":92,"column":6},"end":{"line":98,"column":7}},{"start":{"line":92,"column":6},"end":{"line":98,"column":7}}],"line":92},"22":{"loc":{"start":{"line":93,"column":8},"end":{"line":93,"column":42}},"type":"if","locations":[{"start":{"line":93,"column":8},"end":{"line":93,"column":42}},{"start":{"line":93,"column":8},"end":{"line":93,"column":42}}],"line":93},"23":{"loc":{"start":{"line":94,"column":8},"end":{"line":97,"column":85}},"type":"if","locations":[{"start":{"line":94,"column":8},"end":{"line":97,"column":85}},{"start":{"line":94,"column":8},"end":{"line":97,"column":85}}],"line":94},"24":{"loc":{"start":{"line":97,"column":72},"end":{"line":97,"column":82}},"type":"binary-expr","locations":[{"start":{"line":97,"column":72},"end":{"line":97,"column":76}},{"start":{"line":97,"column":80},"end":{"line":97,"column":82}}],"line":97},"25":{"loc":{"start":{"line":106,"column":10},"end":{"line":106,"column":19}},"type":"binary-expr","locations":[{"start":{"line":106,"column":10},"end":{"line":106,"column":13}},{"start":{"line":106,"column":17},"end":{"line":106,"column":19}}],"line":106},"26":{"loc":{"start":{"line":110,"column":6},"end":{"line":116,"column":7}},"type":"if","locations":[{"start":{"line":110,"column":6},"end":{"line":116,"column":7}},{"start":{"line":110,"column":6},"end":{"line":116,"column":7}}],"line":110},"27":{"loc":{"start":{"line":111,"column":8},"end":{"line":111,"column":42}},"type":"if","locations":[{"start":{"line":111,"column":8},"end":{"line":111,"column":42}},{"start":{"line":111,"column":8},"end":{"line":111,"column":42}}],"line":111},"28":{"loc":{"start":{"line":112,"column":8},"end":{"line":115,"column":85}},"type":"if","locations":[{"start":{"line":112,"column":8},"end":{"line":115,"column":85}},{"start":{"line":112,"column":8},"end":{"line":115,"column":85}}],"line":112},"29":{"loc":{"start":{"line":115,"column":72},"end":{"line":115,"column":82}},"type":"binary-expr","locations":[{"start":{"line":115,"column":72},"end":{"line":115,"column":76}},{"start":{"line":115,"column":80},"end":{"line":115,"column":82}}],"line":115},"30":{"loc":{"start":{"line":120,"column":4},"end":{"line":120,"column":60}},"type":"if","locations":[{"start":{"line":120,"column":4},"end":{"line":120,"column":60}},{"start":{"line":120,"column":4},"end":{"line":120,"column":60}}],"line":120},"31":{"loc":{"start":{"line":121,"column":4},"end":{"line":128,"column":5}},"type":"if","locations":[{"start":{"line":121,"column":4},"end":{"line":128,"column":5}},{"start":{"line":121,"column":4},"end":{"line":128,"column":5}}],"line":121},"32":{"loc":{"start":{"line":122,"column":6},"end":{"line":124,"column":7}},"type":"if","locations":[{"start":{"line":122,"column":6},"end":{"line":124,"column":7}},{"start":{"line":122,"column":6},"end":{"line":124,"column":7}}],"line":122},"33":{"loc":{"start":{"line":131,"column":4},"end":{"line":131,"column":60}},"type":"if","locations":[{"start":{"line":131,"column":4},"end":{"line":131,"column":60}},{"start":{"line":131,"column":4},"end":{"line":131,"column":60}}],"line":131},"34":{"loc":{"start":{"line":132,"column":4},"end":{"line":139,"column":5}},"type":"if","locations":[{"start":{"line":132,"column":4},"end":{"line":139,"column":5}},{"start":{"line":132,"column":4},"end":{"line":139,"column":5}}],"line":132},"35":{"loc":{"start":{"line":133,"column":6},"end":{"line":135,"column":7}},"type":"if","locations":[{"start":{"line":133,"column":6},"end":{"line":135,"column":7}},{"start":{"line":133,"column":6},"end":{"line":135,"column":7}}],"line":133}},"s":{"0":1,"1":1,"2":3,"3":0,"4":0,"5":0,"6":0,"7":0,"8":0,"9":0,"10":0,"11":0,"12":0,"13":0,"14":0,"15":0,"16":0,"17":0,"18":0,"19":0,"20":0,"21":0,"22":0,"23":0,"24":0,"25":0,"26":0,"27":0,"28":0,"29":0,"30":0,"31":0,"32":0,"33":0,"34":0,"35":0,"36":0,"37":0,"38":0,"39":0,"40":0,"41":0,"42":0,"43":0,"44":0,"45":0,"46":0,"47":0,"48":0,"49":0,"50":0,"51":0,"52":0,"53":0,"54":0,"55":0,"56":0,"57":0,"58":0,"59":0,"60":0,"61":0,"62":0,"63":0,"64":0,"65":1},"f":{"0":3,"1":0,"2":0,"3":0,"4":0,"5":0,"6":0,"7":0,"8":0,"9":0,"10":0,"11":0,"12":0,"13":0},"b":{"0":[0,0],"1":[0,0],"2":[0,0],"3":[0,0],"4":[0,0],"5":[0,0],"6":[0,0],"7":[0,0],"8":[0,0],"9":[0,0],"10":[0,0],"11":[0,0],"12":[0,0],"13":[0,0],"14":[0,0],"15":[0,0],"16":[0,0],"17":[0,0],"18":[0,0],"19":[0,0],"20":[0,0],"21":[0,0],"22":[0,0],"23":[0,0],"24":[0,0],"25":[0,0],"26":[0,0],"27":[0,0],"28":[0,0],"29":[0,0],"30":[0,0],"31":[0,0],"32":[0,0],"33":[0,0],"34":[0,0],"35":[0,0]},"_coverageSchema":"332fd63041d2c1bcb487cc26dd0d5f7d97098a6c","hash":"3c6f0c87dc186c6db4c4caf33675624df7c23657","contentHash":"2f563fe5587f1b8e0fea6d08550e56bf_11.1.0"},"/Users/conalllaverty/Projects/wia-nodejs-sdk/lib/resources/Events.js":{"path":"/Users/conalllaverty/Projects/wia-nodejs-sdk/lib/resources/Events.js","statementMap":{"0":{"start":{"line":3,"column":20},"end":{"line":3,"column":47}},"1":{"start":{"line":4,"column":14},"end":{"line":4,"column":32}},"2":{"start":{"line":7,"column":2},"end":{"line":91,"column":3}},"3":{"start":{"line":8,"column":4},"end":{"line":8,"column":94}},"4":{"start":{"line":8,"column":14},"end":{"line":8,"column":94}},"5":{"start":{"line":10,"column":4},"end":{"line":58,"column":5}},"6":{"start":{"line":11,"column":20},"end":{"line":21,"column":7}},"7":{"start":{"line":23,"column":6},"end":{"line":35,"column":9}},"8":{"start":{"line":24,"column":8},"end":{"line":34,"column":9}},"9":{"start":{"line":25,"column":10},"end":{"line":27,"column":11}},"10":{"start":{"line":26,"column":12},"end":{"line":26,"column":29}},"11":{"start":{"line":29,"column":10},"end":{"line":33,"column":11}},"12":{"start":{"line":30,"column":12},"end":{"line":30,"column":27}},"13":{"start":{"line":32,"column":12},"end":{"line":32,"column":87}},"14":{"start":{"line":36,"column":11},"end":{"line":58,"column":5}},"15":{"start":{"line":37,"column":6},"end":{"line":52,"column":9}},"16":{"start":{"line":45,"column":8},"end":{"line":51,"column":9}},"17":{"start":{"line":46,"column":10},"end":{"line":46,"column":44}},"18":{"start":{"line":46,"column":21},"end":{"line":46,"column":44}},"19":{"start":{"line":47,"column":10},"end":{"line":50,"column":93}},"20":{"start":{"line":48,"column":12},"end":{"line":48,"column":27}},"21":{"start":{"line":50,"column":12},"end":{"line":50,"column":93}},"22":{"start":{"line":54,"column":6},"end":{"line":56,"column":7}},"23":{"start":{"line":55,"column":8},"end":{"line":55,"column":62}},"24":{"start":{"line":57,"column":6},"end":{"line":57,"column":106}},"25":{"start":{"line":61,"column":4},"end":{"line":61,"column":60}},"26":{"start":{"line":61,"column":14},"end":{"line":61,"column":60}},"27":{"start":{"line":62,"column":4},"end":{"line":64,"column":5}},"28":{"start":{"line":63,"column":6},"end":{"line":63,"column":59}},"29":{"start":{"line":65,"column":4},"end":{"line":65,"column":87}},"30":{"start":{"line":68,"column":4},"end":{"line":68,"column":60}},"31":{"start":{"line":68,"column":14},"end":{"line":68,"column":60}},"32":{"start":{"line":69,"column":4},"end":{"line":71,"column":5}},"33":{"start":{"line":70,"column":6},"end":{"line":70,"column":59}},"34":{"start":{"line":72,"column":4},"end":{"line":72,"column":89}},"35":{"start":{"line":75,"column":4},"end":{"line":90,"column":7}},"36":{"start":{"line":83,"column":6},"end":{"line":89,"column":7}},"37":{"start":{"line":84,"column":8},"end":{"line":84,"column":42}},"38":{"start":{"line":84,"column":19},"end":{"line":84,"column":42}},"39":{"start":{"line":85,"column":8},"end":{"line":88,"column":91}},"40":{"start":{"line":86,"column":10},"end":{"line":86,"column":25}},"41":{"start":{"line":88,"column":10},"end":{"line":88,"column":91}},"42":{"start":{"line":94,"column":0},"end":{"line":94,"column":35}}},"fnMap":{"0":{"name":"WiaResourceEvents","decl":{"start":{"line":6,"column":9},"end":{"line":6,"column":26}},"loc":{"start":{"line":6,"column":32},"end":{"line":92,"column":1}},"line":6},"1":{"name":"(anonymous_1)","decl":{"start":{"line":7,"column":17},"end":{"line":7,"column":18}},"loc":{"start":{"line":7,"column":35},"end":{"line":59,"column":3}},"line":7},"2":{"name":"(anonymous_2)","decl":{"start":{"line":23,"column":28},"end":{"line":23,"column":29}},"loc":{"start":{"line":23,"column":61},"end":{"line":35,"column":7}},"line":23},"3":{"name":"(anonymous_3)","decl":{"start":{"line":44,"column":9},"end":{"line":44,"column":10}},"loc":{"start":{"line":44,"column":42},"end":{"line":52,"column":7}},"line":44},"4":{"name":"(anonymous_4)","decl":{"start":{"line":60,"column":19},"end":{"line":60,"column":20}},"loc":{"start":{"line":60,"column":37},"end":{"line":66,"column":3}},"line":60},"5":{"name":"(anonymous_5)","decl":{"start":{"line":67,"column":21},"end":{"line":67,"column":22}},"loc":{"start":{"line":67,"column":39},"end":{"line":73,"column":3}},"line":67},"6":{"name":"(anonymous_6)","decl":{"start":{"line":74,"column":14},"end":{"line":74,"column":15}},"loc":{"start":{"line":74,"column":32},"end":{"line":91,"column":3}},"line":74},"7":{"name":"(anonymous_7)","decl":{"start":{"line":82,"column":7},"end":{"line":82,"column":8}},"loc":{"start":{"line":82,"column":40},"end":{"line":90,"column":5}},"line":82}},"branchMap":{"0":{"loc":{"start":{"line":8,"column":4},"end":{"line":8,"column":94}},"type":"if","locations":[{"start":{"line":8,"column":4},"end":{"line":8,"column":94}},{"start":{"line":8,"column":4},"end":{"line":8,"column":94}}],"line":8},"1":{"loc":{"start":{"line":10,"column":4},"end":{"line":58,"column":5}},"type":"if","locations":[{"start":{"line":10,"column":4},"end":{"line":58,"column":5}},{"start":{"line":10,"column":4},"end":{"line":58,"column":5}}],"line":10},"2":{"loc":{"start":{"line":24,"column":8},"end":{"line":34,"column":9}},"type":"if","locations":[{"start":{"line":24,"column":8},"end":{"line":34,"column":9}},{"start":{"line":24,"column":8},"end":{"line":34,"column":9}}],"line":24},"3":{"loc":{"start":{"line":25,"column":10},"end":{"line":27,"column":11}},"type":"if","locations":[{"start":{"line":25,"column":10},"end":{"line":27,"column":11}},{"start":{"line":25,"column":10},"end":{"line":27,"column":11}}],"line":25},"4":{"loc":{"start":{"line":29,"column":10},"end":{"line":33,"column":11}},"type":"if","locations":[{"start":{"line":29,"column":10},"end":{"line":33,"column":11}},{"start":{"line":29,"column":10},"end":{"line":33,"column":11}}],"line":29},"5":{"loc":{"start":{"line":29,"column":14},"end":{"line":29,"column":70}},"type":"binary-expr","locations":[{"start":{"line":29,"column":14},"end":{"line":29,"column":40}},{"start":{"line":29,"column":44},"end":{"line":29,"column":70}}],"line":29},"6":{"loc":{"start":{"line":32,"column":74},"end":{"line":32,"column":84}},"type":"binary-expr","locations":[{"start":{"line":32,"column":74},"end":{"line":32,"column":78}},{"start":{"line":32,"column":82},"end":{"line":32,"column":84}}],"line":32},"7":{"loc":{"start":{"line":36,"column":11},"end":{"line":58,"column":5}},"type":"if","locations":[{"start":{"line":36,"column":11},"end":{"line":58,"column":5}},{"start":{"line":36,"column":11},"end":{"line":58,"column":5}}],"line":36},"8":{"loc":{"start":{"line":36,"column":15},"end":{"line":36,"column":70}},"type":"binary-expr","locations":[{"start":{"line":36,"column":15},"end":{"line":36,"column":26}},{"start":{"line":36,"column":30},"end":{"line":36,"column":51}},{"start":{"line":36,"column":55},"end":{"line":36,"column":70}}],"line":36},"9":{"loc":{"start":{"line":45,"column":8},"end":{"line":51,"column":9}},"type":"if","locations":[{"start":{"line":45,"column":8},"end":{"line":51,"column":9}},{"start":{"line":45,"column":8},"end":{"line":51,"column":9}}],"line":45},"10":{"loc":{"start":{"line":46,"column":10},"end":{"line":46,"column":44}},"type":"if","locations":[{"start":{"line":46,"column":10},"end":{"line":46,"column":44}},{"start":{"line":46,"column":10},"end":{"line":46,"column":44}}],"line":46},"11":{"loc":{"start":{"line":47,"column":10},"end":{"line":50,"column":93}},"type":"if","locations":[{"start":{"line":47,"column":10},"end":{"line":50,"column":93}},{"start":{"line":47,"column":10},"end":{"line":50,"column":93}}],"line":47},"12":{"loc":{"start":{"line":47,"column":14},"end":{"line":47,"column":70}},"type":"binary-expr","locations":[{"start":{"line":47,"column":14},"end":{"line":47,"column":40}},{"start":{"line":47,"column":44},"end":{"line":47,"column":70}}],"line":47},"13":{"loc":{"start":{"line":50,"column":74},"end":{"line":50,"column":84}},"type":"binary-expr","locations":[{"start":{"line":50,"column":74},"end":{"line":50,"column":78}},{"start":{"line":50,"column":82},"end":{"line":50,"column":84}}],"line":50},"14":{"loc":{"start":{"line":54,"column":6},"end":{"line":56,"column":7}},"type":"if","locations":[{"start":{"line":54,"column":6},"end":{"line":56,"column":7}},{"start":{"line":54,"column":6},"end":{"line":56,"column":7}}],"line":54},"15":{"loc":{"start":{"line":61,"column":4},"end":{"line":61,"column":60}},"type":"if","locations":[{"start":{"line":61,"column":4},"end":{"line":61,"column":60}},{"start":{"line":61,"column":4},"end":{"line":61,"column":60}}],"line":61},"16":{"loc":{"start":{"line":62,"column":4},"end":{"line":64,"column":5}},"type":"if","locations":[{"start":{"line":62,"column":4},"end":{"line":64,"column":5}},{"start":{"line":62,"column":4},"end":{"line":64,"column":5}}],"line":62},"17":{"loc":{"start":{"line":65,"column":65},"end":{"line":65,"column":80}},"type":"binary-expr","locations":[{"start":{"line":65,"column":65},"end":{"line":65,"column":73}},{"start":{"line":65,"column":77},"end":{"line":65,"column":80}}],"line":65},"18":{"loc":{"start":{"line":68,"column":4},"end":{"line":68,"column":60}},"type":"if","locations":[{"start":{"line":68,"column":4},"end":{"line":68,"column":60}},{"start":{"line":68,"column":4},"end":{"line":68,"column":60}}],"line":68},"19":{"loc":{"start":{"line":69,"column":4},"end":{"line":71,"column":5}},"type":"if","locations":[{"start":{"line":69,"column":4},"end":{"line":71,"column":5}},{"start":{"line":69,"column":4},"end":{"line":71,"column":5}}],"line":69},"20":{"loc":{"start":{"line":72,"column":67},"end":{"line":72,"column":82}},"type":"binary-expr","locations":[{"start":{"line":72,"column":67},"end":{"line":72,"column":75}},{"start":{"line":72,"column":79},"end":{"line":72,"column":82}}],"line":72},"21":{"loc":{"start":{"line":79,"column":10},"end":{"line":79,"column":19}},"type":"binary-expr","locations":[{"start":{"line":79,"column":10},"end":{"line":79,"column":13}},{"start":{"line":79,"column":17},"end":{"line":79,"column":19}}],"line":79},"22":{"loc":{"start":{"line":83,"column":6},"end":{"line":89,"column":7}},"type":"if","locations":[{"start":{"line":83,"column":6},"end":{"line":89,"column":7}},{"start":{"line":83,"column":6},"end":{"line":89,"column":7}}],"line":83},"23":{"loc":{"start":{"line":84,"column":8},"end":{"line":84,"column":42}},"type":"if","locations":[{"start":{"line":84,"column":8},"end":{"line":84,"column":42}},{"start":{"line":84,"column":8},"end":{"line":84,"column":42}}],"line":84},"24":{"loc":{"start":{"line":85,"column":8},"end":{"line":88,"column":91}},"type":"if","locations":[{"start":{"line":85,"column":8},"end":{"line":88,"column":91}},{"start":{"line":85,"column":8},"end":{"line":88,"column":91}}],"line":85},"25":{"loc":{"start":{"line":88,"column":72},"end":{"line":88,"column":82}},"type":"binary-expr","locations":[{"start":{"line":88,"column":72},"end":{"line":88,"column":76}},{"start":{"line":88,"column":80},"end":{"line":88,"column":82}}],"line":88}},"s":{"0":1,"1":1,"2":3,"3":2,"4":0,"5":2,"6":1,"7":1,"8":1,"9":1,"10":0,"11":1,"12":1,"13":0,"14":1,"15":1,"16":1,"17":1,"18":0,"19":1,"20":1,"21":0,"22":0,"23":0,"24":0,"25":0,"26":0,"27":0,"28":0,"29":0,"30":0,"31":0,"32":0,"33":0,"34":0,"35":0,"36":0,"37":0,"38":0,"39":0,"40":0,"41":0,"42":1},"f":{"0":3,"1":2,"2":1,"3":1,"4":0,"5":0,"6":0,"7":0},"b":{"0":[0,2],"1":[1,1],"2":[1,0],"3":[0,1],"4":[1,0],"5":[1,0],"6":[0,0],"7":[1,0],"8":[1,1,0],"9":[1,0],"10":[0,1],"11":[1,0],"12":[1,0],"13":[0,0],"14":[0,0],"15":[0,0],"16":[0,0],"17":[0,0],"18":[0,0],"19":[0,0],"20":[0,0],"21":[0,0],"22":[0,0],"23":[0,0],"24":[0,0],"25":[0,0]},"_coverageSchema":"332fd63041d2c1bcb487cc26dd0d5f7d97098a6c","hash":"1fe9b74b4f591aa70866c027fae62f8df17887cc","contentHash":"ba45cb8bf184206439f0e349224f9ebb_11.1.0"},"/Users/conalllaverty/Projects/wia-nodejs-sdk/lib/resources/Functions.js":{"path":"/Users/conalllaverty/Projects/wia-nodejs-sdk/lib/resources/Functions.js","statementMap":{"0":{"start":{"line":3,"column":20},"end":{"line":3,"column":47}},"1":{"start":{"line":4,"column":14},"end":{"line":4,"column":32}},"2":{"start":{"line":7,"column":2},"end":{"line":144,"column":3}},"3":{"start":{"line":8,"column":4},"end":{"line":30,"column":7}},"4":{"start":{"line":16,"column":6},"end":{"line":18,"column":7}},"5":{"start":{"line":17,"column":8},"end":{"line":17,"column":31}},"6":{"start":{"line":20,"column":6},"end":{"line":29,"column":7}},"7":{"start":{"line":21,"column":8},"end":{"line":21,"column":100}},"8":{"start":{"line":22,"column":8},"end":{"line":24,"column":9}},"9":{"start":{"line":23,"column":10},"end":{"line":23,"column":25}},"10":{"start":{"line":26,"column":8},"end":{"line":28,"column":9}},"11":{"start":{"line":27,"column":10},"end":{"line":27,"column":85}},"12":{"start":{"line":33,"column":4},"end":{"line":33,"column":55}},"13":{"start":{"line":33,"column":13},"end":{"line":33,"column":55}},"14":{"start":{"line":35,"column":4},"end":{"line":48,"column":7}},"15":{"start":{"line":43,"column":6},"end":{"line":43,"column":40}},"16":{"start":{"line":43,"column":23},"end":{"line":43,"column":40}},"17":{"start":{"line":44,"column":6},"end":{"line":47,"column":83}},"18":{"start":{"line":45,"column":8},"end":{"line":45,"column":23}},"19":{"start":{"line":47,"column":8},"end":{"line":47,"column":83}},"20":{"start":{"line":51,"column":4},"end":{"line":51,"column":55}},"21":{"start":{"line":51,"column":13},"end":{"line":51,"column":55}},"22":{"start":{"line":52,"column":4},"end":{"line":52,"column":60}},"23":{"start":{"line":52,"column":14},"end":{"line":52,"column":60}},"24":{"start":{"line":54,"column":4},"end":{"line":74,"column":7}},"25":{"start":{"line":62,"column":6},"end":{"line":62,"column":46}},"26":{"start":{"line":62,"column":23},"end":{"line":62,"column":46}},"27":{"start":{"line":63,"column":6},"end":{"line":73,"column":7}},"28":{"start":{"line":64,"column":8},"end":{"line":67,"column":99}},"29":{"start":{"line":65,"column":10},"end":{"line":65,"column":109}},"30":{"start":{"line":66,"column":13},"end":{"line":67,"column":99}},"31":{"start":{"line":67,"column":10},"end":{"line":67,"column":99}},"32":{"start":{"line":68,"column":8},"end":{"line":69,"column":25}},"33":{"start":{"line":69,"column":10},"end":{"line":69,"column":25}},"34":{"start":{"line":71,"column":8},"end":{"line":72,"column":85}},"35":{"start":{"line":72,"column":10},"end":{"line":72,"column":85}},"36":{"start":{"line":77,"column":4},"end":{"line":77,"column":55}},"37":{"start":{"line":77,"column":13},"end":{"line":77,"column":55}},"38":{"start":{"line":79,"column":4},"end":{"line":91,"column":7}},"39":{"start":{"line":86,"column":6},"end":{"line":86,"column":46}},"40":{"start":{"line":86,"column":23},"end":{"line":86,"column":46}},"41":{"start":{"line":87,"column":6},"end":{"line":90,"column":83}},"42":{"start":{"line":88,"column":8},"end":{"line":88,"column":23}},"43":{"start":{"line":90,"column":8},"end":{"line":90,"column":83}},"44":{"start":{"line":94,"column":4},"end":{"line":109,"column":7}},"45":{"start":{"line":102,"column":6},"end":{"line":108,"column":7}},"46":{"start":{"line":103,"column":8},"end":{"line":103,"column":42}},"47":{"start":{"line":103,"column":19},"end":{"line":103,"column":42}},"48":{"start":{"line":104,"column":8},"end":{"line":107,"column":85}},"49":{"start":{"line":105,"column":10},"end":{"line":105,"column":25}},"50":{"start":{"line":107,"column":10},"end":{"line":107,"column":85}},"51":{"start":{"line":112,"column":4},"end":{"line":112,"column":60}},"52":{"start":{"line":112,"column":14},"end":{"line":112,"column":60}},"53":{"start":{"line":114,"column":21},"end":{"line":114,"column":25}},"54":{"start":{"line":115,"column":19},"end":{"line":115,"column":23}},"55":{"start":{"line":117,"column":4},"end":{"line":122,"column":5}},"56":{"start":{"line":118,"column":6},"end":{"line":118,"column":26}},"57":{"start":{"line":119,"column":6},"end":{"line":119,"column":28}},"58":{"start":{"line":121,"column":6},"end":{"line":121,"column":23}},"59":{"start":{"line":124,"column":4},"end":{"line":143,"column":5}},"60":{"start":{"line":125,"column":6},"end":{"line":125,"column":135}},"61":{"start":{"line":127,"column":6},"end":{"line":142,"column":9}},"62":{"start":{"line":135,"column":8},"end":{"line":141,"column":9}},"63":{"start":{"line":136,"column":10},"end":{"line":136,"column":44}},"64":{"start":{"line":136,"column":21},"end":{"line":136,"column":44}},"65":{"start":{"line":137,"column":10},"end":{"line":140,"column":93}},"66":{"start":{"line":138,"column":12},"end":{"line":138,"column":27}},"67":{"start":{"line":140,"column":12},"end":{"line":140,"column":93}},"68":{"start":{"line":147,"column":0},"end":{"line":147,"column":38}}},"fnMap":{"0":{"name":"WiaResourceFunctions","decl":{"start":{"line":6,"column":9},"end":{"line":6,"column":29}},"loc":{"start":{"line":6,"column":35},"end":{"line":145,"column":1}},"line":6},"1":{"name":"(anonymous_1)","decl":{"start":{"line":7,"column":16},"end":{"line":7,"column":17}},"loc":{"start":{"line":7,"column":40},"end":{"line":31,"column":3}},"line":7},"2":{"name":"(anonymous_2)","decl":{"start":{"line":15,"column":7},"end":{"line":15,"column":8}},"loc":{"start":{"line":15,"column":40},"end":{"line":30,"column":5}},"line":15},"3":{"name":"(anonymous_3)","decl":{"start":{"line":32,"column":18},"end":{"line":32,"column":19}},"loc":{"start":{"line":32,"column":40},"end":{"line":49,"column":3}},"line":32},"4":{"name":"(anonymous_4)","decl":{"start":{"line":42,"column":7},"end":{"line":42,"column":8}},"loc":{"start":{"line":42,"column":40},"end":{"line":48,"column":5}},"line":42},"5":{"name":"(anonymous_5)","decl":{"start":{"line":50,"column":16},"end":{"line":50,"column":17}},"loc":{"start":{"line":50,"column":38},"end":{"line":75,"column":3}},"line":50},"6":{"name":"(anonymous_6)","decl":{"start":{"line":61,"column":7},"end":{"line":61,"column":8}},"loc":{"start":{"line":61,"column":40},"end":{"line":74,"column":5}},"line":61},"7":{"name":"(anonymous_7)","decl":{"start":{"line":76,"column":16},"end":{"line":76,"column":17}},"loc":{"start":{"line":76,"column":33},"end":{"line":92,"column":3}},"line":76},"8":{"name":"(anonymous_8)","decl":{"start":{"line":85,"column":7},"end":{"line":85,"column":8}},"loc":{"start":{"line":85,"column":40},"end":{"line":91,"column":5}},"line":85},"9":{"name":"(anonymous_9)","decl":{"start":{"line":93,"column":14},"end":{"line":93,"column":15}},"loc":{"start":{"line":93,"column":32},"end":{"line":110,"column":3}},"line":93},"10":{"name":"(anonymous_10)","decl":{"start":{"line":101,"column":7},"end":{"line":101,"column":8}},"loc":{"start":{"line":101,"column":40},"end":{"line":109,"column":5}},"line":101},"11":{"name":"(anonymous_11)","decl":{"start":{"line":111,"column":14},"end":{"line":111,"column":15}},"loc":{"start":{"line":111,"column":32},"end":{"line":144,"column":3}},"line":111},"12":{"name":"(anonymous_12)","decl":{"start":{"line":134,"column":9},"end":{"line":134,"column":10}},"loc":{"start":{"line":134,"column":42},"end":{"line":142,"column":7}},"line":134}},"branchMap":{"0":{"loc":{"start":{"line":16,"column":6},"end":{"line":18,"column":7}},"type":"if","locations":[{"start":{"line":16,"column":6},"end":{"line":18,"column":7}},{"start":{"line":16,"column":6},"end":{"line":18,"column":7}}],"line":16},"1":{"loc":{"start":{"line":16,"column":10},"end":{"line":16,"column":21}},"type":"binary-expr","locations":[{"start":{"line":16,"column":10},"end":{"line":16,"column":15}},{"start":{"line":16,"column":19},"end":{"line":16,"column":21}}],"line":16},"2":{"loc":{"start":{"line":20,"column":6},"end":{"line":29,"column":7}},"type":"if","locations":[{"start":{"line":20,"column":6},"end":{"line":29,"column":7}},{"start":{"line":20,"column":6},"end":{"line":29,"column":7}}],"line":20},"3":{"loc":{"start":{"line":20,"column":10},"end":{"line":20,"column":66}},"type":"binary-expr","locations":[{"start":{"line":20,"column":10},"end":{"line":20,"column":36}},{"start":{"line":20,"column":40},"end":{"line":20,"column":66}}],"line":20},"4":{"loc":{"start":{"line":22,"column":8},"end":{"line":24,"column":9}},"type":"if","locations":[{"start":{"line":22,"column":8},"end":{"line":24,"column":9}},{"start":{"line":22,"column":8},"end":{"line":24,"column":9}}],"line":22},"5":{"loc":{"start":{"line":26,"column":8},"end":{"line":28,"column":9}},"type":"if","locations":[{"start":{"line":26,"column":8},"end":{"line":28,"column":9}},{"start":{"line":26,"column":8},"end":{"line":28,"column":9}}],"line":26},"6":{"loc":{"start":{"line":27,"column":72},"end":{"line":27,"column":82}},"type":"binary-expr","locations":[{"start":{"line":27,"column":72},"end":{"line":27,"column":76}},{"start":{"line":27,"column":80},"end":{"line":27,"column":82}}],"line":27},"7":{"loc":{"start":{"line":33,"column":4},"end":{"line":33,"column":55}},"type":"if","locations":[{"start":{"line":33,"column":4},"end":{"line":33,"column":55}},{"start":{"line":33,"column":4},"end":{"line":33,"column":55}}],"line":33},"8":{"loc":{"start":{"line":39,"column":10},"end":{"line":39,"column":19}},"type":"binary-expr","locations":[{"start":{"line":39,"column":10},"end":{"line":39,"column":13}},{"start":{"line":39,"column":17},"end":{"line":39,"column":19}}],"line":39},"9":{"loc":{"start":{"line":43,"column":6},"end":{"line":43,"column":40}},"type":"if","locations":[{"start":{"line":43,"column":6},"end":{"line":43,"column":40}},{"start":{"line":43,"column":6},"end":{"line":43,"column":40}}],"line":43},"10":{"loc":{"start":{"line":43,"column":10},"end":{"line":43,"column":21}},"type":"binary-expr","locations":[{"start":{"line":43,"column":10},"end":{"line":43,"column":15}},{"start":{"line":43,"column":19},"end":{"line":43,"column":21}}],"line":43},"11":{"loc":{"start":{"line":44,"column":6},"end":{"line":47,"column":83}},"type":"if","locations":[{"start":{"line":44,"column":6},"end":{"line":47,"column":83}},{"start":{"line":44,"column":6},"end":{"line":47,"column":83}}],"line":44},"12":{"loc":{"start":{"line":47,"column":70},"end":{"line":47,"column":80}},"type":"binary-expr","locations":[{"start":{"line":47,"column":70},"end":{"line":47,"column":74}},{"start":{"line":47,"column":78},"end":{"line":47,"column":80}}],"line":47},"13":{"loc":{"start":{"line":51,"column":4},"end":{"line":51,"column":55}},"type":"if","locations":[{"start":{"line":51,"column":4},"end":{"line":51,"column":55}},{"start":{"line":51,"column":4},"end":{"line":51,"column":55}}],"line":51},"14":{"loc":{"start":{"line":52,"column":4},"end":{"line":52,"column":60}},"type":"if","locations":[{"start":{"line":52,"column":4},"end":{"line":52,"column":60}},{"start":{"line":52,"column":4},"end":{"line":52,"column":60}}],"line":52},"15":{"loc":{"start":{"line":62,"column":6},"end":{"line":62,"column":46}},"type":"if","locations":[{"start":{"line":62,"column":6},"end":{"line":62,"column":46}},{"start":{"line":62,"column":6},"end":{"line":62,"column":46}}],"line":62},"16":{"loc":{"start":{"line":62,"column":10},"end":{"line":62,"column":21}},"type":"binary-expr","locations":[{"start":{"line":62,"column":10},"end":{"line":62,"column":15}},{"start":{"line":62,"column":19},"end":{"line":62,"column":21}}],"line":62},"17":{"loc":{"start":{"line":63,"column":6},"end":{"line":73,"column":7}},"type":"if","locations":[{"start":{"line":63,"column":6},"end":{"line":73,"column":7}},{"start":{"line":63,"column":6},"end":{"line":73,"column":7}}],"line":63},"18":{"loc":{"start":{"line":63,"column":10},"end":{"line":63,"column":66}},"type":"binary-expr","locations":[{"start":{"line":63,"column":10},"end":{"line":63,"column":36}},{"start":{"line":63,"column":40},"end":{"line":63,"column":66}}],"line":63},"19":{"loc":{"start":{"line":64,"column":8},"end":{"line":67,"column":99}},"type":"if","locations":[{"start":{"line":64,"column":8},"end":{"line":67,"column":99}},{"start":{"line":64,"column":8},"end":{"line":67,"column":99}}],"line":64},"20":{"loc":{"start":{"line":64,"column":12},"end":{"line":64,"column":51}},"type":"binary-expr","locations":[{"start":{"line":64,"column":12},"end":{"line":64,"column":26}},{"start":{"line":64,"column":30},"end":{"line":64,"column":51}}],"line":64},"21":{"loc":{"start":{"line":66,"column":13},"end":{"line":67,"column":99}},"type":"if","locations":[{"start":{"line":66,"column":13},"end":{"line":67,"column":99}},{"start":{"line":66,"column":13},"end":{"line":67,"column":99}}],"line":66},"22":{"loc":{"start":{"line":66,"column":17},"end":{"line":66,"column":46}},"type":"binary-expr","locations":[{"start":{"line":66,"column":17},"end":{"line":66,"column":28}},{"start":{"line":66,"column":32},"end":{"line":66,"column":46}}],"line":66},"23":{"loc":{"start":{"line":68,"column":8},"end":{"line":69,"column":25}},"type":"if","locations":[{"start":{"line":68,"column":8},"end":{"line":69,"column":25}},{"start":{"line":68,"column":8},"end":{"line":69,"column":25}}],"line":68},"24":{"loc":{"start":{"line":71,"column":8},"end":{"line":72,"column":85}},"type":"if","locations":[{"start":{"line":71,"column":8},"end":{"line":72,"column":85}},{"start":{"line":71,"column":8},"end":{"line":72,"column":85}}],"line":71},"25":{"loc":{"start":{"line":72,"column":72},"end":{"line":72,"column":82}},"type":"binary-expr","locations":[{"start":{"line":72,"column":72},"end":{"line":72,"column":76}},{"start":{"line":72,"column":80},"end":{"line":72,"column":82}}],"line":72},"26":{"loc":{"start":{"line":77,"column":4},"end":{"line":77,"column":55}},"type":"if","locations":[{"start":{"line":77,"column":4},"end":{"line":77,"column":55}},{"start":{"line":77,"column":4},"end":{"line":77,"column":55}}],"line":77},"27":{"loc":{"start":{"line":86,"column":6},"end":{"line":86,"column":46}},"type":"if","locations":[{"start":{"line":86,"column":6},"end":{"line":86,"column":46}},{"start":{"line":86,"column":6},"end":{"line":86,"column":46}}],"line":86},"28":{"loc":{"start":{"line":86,"column":10},"end":{"line":86,"column":21}},"type":"binary-expr","locations":[{"start":{"line":86,"column":10},"end":{"line":86,"column":15}},{"start":{"line":86,"column":19},"end":{"line":86,"column":21}}],"line":86},"29":{"loc":{"start":{"line":87,"column":6},"end":{"line":90,"column":83}},"type":"if","locations":[{"start":{"line":87,"column":6},"end":{"line":90,"column":83}},{"start":{"line":87,"column":6},"end":{"line":90,"column":83}}],"line":87},"30":{"loc":{"start":{"line":90,"column":70},"end":{"line":90,"column":80}},"type":"binary-expr","locations":[{"start":{"line":90,"column":70},"end":{"line":90,"column":74}},{"start":{"line":90,"column":78},"end":{"line":90,"column":80}}],"line":90},"31":{"loc":{"start":{"line":98,"column":10},"end":{"line":98,"column":19}},"type":"binary-expr","locations":[{"start":{"line":98,"column":10},"end":{"line":98,"column":13}},{"start":{"line":98,"column":17},"end":{"line":98,"column":19}}],"line":98},"32":{"loc":{"start":{"line":102,"column":6},"end":{"line":108,"column":7}},"type":"if","locations":[{"start":{"line":102,"column":6},"end":{"line":108,"column":7}},{"start":{"line":102,"column":6},"end":{"line":108,"column":7}}],"line":102},"33":{"loc":{"start":{"line":103,"column":8},"end":{"line":103,"column":42}},"type":"if","locations":[{"start":{"line":103,"column":8},"end":{"line":103,"column":42}},{"start":{"line":103,"column":8},"end":{"line":103,"column":42}}],"line":103},"34":{"loc":{"start":{"line":104,"column":8},"end":{"line":107,"column":85}},"type":"if","locations":[{"start":{"line":104,"column":8},"end":{"line":107,"column":85}},{"start":{"line":104,"column":8},"end":{"line":107,"column":85}}],"line":104},"35":{"loc":{"start":{"line":107,"column":72},"end":{"line":107,"column":82}},"type":"binary-expr","locations":[{"start":{"line":107,"column":72},"end":{"line":107,"column":76}},{"start":{"line":107,"column":80},"end":{"line":107,"column":82}}],"line":107},"36":{"loc":{"start":{"line":112,"column":4},"end":{"line":112,"column":60}},"type":"if","locations":[{"start":{"line":112,"column":4},"end":{"line":112,"column":60}},{"start":{"line":112,"column":4},"end":{"line":112,"column":60}}],"line":112},"37":{"loc":{"start":{"line":117,"column":4},"end":{"line":122,"column":5}},"type":"if","locations":[{"start":{"line":117,"column":4},"end":{"line":122,"column":5}},{"start":{"line":117,"column":4},"end":{"line":122,"column":5}}],"line":117},"38":{"loc":{"start":{"line":124,"column":4},"end":{"line":143,"column":5}},"type":"if","locations":[{"start":{"line":124,"column":4},"end":{"line":143,"column":5}},{"start":{"line":124,"column":4},"end":{"line":143,"column":5}}],"line":124},"39":{"loc":{"start":{"line":124,"column":8},"end":{"line":124,"column":54}},"type":"binary-expr","locations":[{"start":{"line":124,"column":8},"end":{"line":124,"column":16}},{"start":{"line":124,"column":20},"end":{"line":124,"column":30}},{"start":{"line":124,"column":34},"end":{"line":124,"column":54}}],"line":124},"40":{"loc":{"start":{"line":125,"column":87},"end":{"line":125,"column":129}},"type":"cond-expr","locations":[{"start":{"line":125,"column":98},"end":{"line":125,"column":122}},{"start":{"line":125,"column":125},"end":{"line":125,"column":129}}],"line":125},"41":{"loc":{"start":{"line":131,"column":14},"end":{"line":131,"column":55}},"type":"cond-expr","locations":[{"start":{"line":131,"column":47},"end":{"line":131,"column":50}},{"start":{"line":131,"column":53},"end":{"line":131,"column":55}}],"line":131},"42":{"loc":{"start":{"line":131,"column":14},"end":{"line":131,"column":44}},"type":"binary-expr","locations":[{"start":{"line":131,"column":14},"end":{"line":131,"column":17}},{"start":{"line":131,"column":21},"end":{"line":131,"column":44}}],"line":131},"43":{"loc":{"start":{"line":135,"column":8},"end":{"line":141,"column":9}},"type":"if","locations":[{"start":{"line":135,"column":8},"end":{"line":141,"column":9}},{"start":{"line":135,"column":8},"end":{"line":141,"column":9}}],"line":135},"44":{"loc":{"start":{"line":136,"column":10},"end":{"line":136,"column":44}},"type":"if","locations":[{"start":{"line":136,"column":10},"end":{"line":136,"column":44}},{"start":{"line":136,"column":10},"end":{"line":136,"column":44}}],"line":136},"45":{"loc":{"start":{"line":137,"column":10},"end":{"line":140,"column":93}},"type":"if","locations":[{"start":{"line":137,"column":10},"end":{"line":140,"column":93}},{"start":{"line":137,"column":10},"end":{"line":140,"column":93}}],"line":137},"46":{"loc":{"start":{"line":137,"column":14},"end":{"line":137,"column":70}},"type":"binary-expr","locations":[{"start":{"line":137,"column":14},"end":{"line":137,"column":40}},{"start":{"line":137,"column":44},"end":{"line":137,"column":70}}],"line":137},"47":{"loc":{"start":{"line":140,"column":74},"end":{"line":140,"column":84}},"type":"binary-expr","locations":[{"start":{"line":140,"column":74},"end":{"line":140,"column":78}},{"start":{"line":140,"column":82},"end":{"line":140,"column":84}}],"line":140}},"s":{"0":1,"1":1,"2":3,"3":0,"4":0,"5":0,"6":0,"7":0,"8":0,"9":0,"10":0,"11":0,"12":0,"13":0,"14":0,"15":0,"16":0,"17":0,"18":0,"19":0,"20":0,"21":0,"22":0,"23":0,"24":0,"25":0,"26":0,"27":0,"28":0,"29":0,"30":0,"31":0,"32":0,"33":0,"34":0,"35":0,"36":0,"37":0,"38":0,"39":0,"40":0,"41":0,"42":0,"43":0,"44":0,"45":0,"46":0,"47":0,"48":0,"49":0,"50":0,"51":0,"52":0,"53":0,"54":0,"55":0,"56":0,"57":0,"58":0,"59":0,"60":0,"61":0,"62":0,"63":0,"64":0,"65":0,"66":0,"67":0,"68":1},"f":{"0":3,"1":0,"2":0,"3":0,"4":0,"5":0,"6":0,"7":0,"8":0,"9":0,"10":0,"11":0,"12":0},"b":{"0":[0,0],"1":[0,0],"2":[0,0],"3":[0,0],"4":[0,0],"5":[0,0],"6":[0,0],"7":[0,0],"8":[0,0],"9":[0,0],"10":[0,0],"11":[0,0],"12":[0,0],"13":[0,0],"14":[0,0],"15":[0,0],"16":[0,0],"17":[0,0],"18":[0,0],"19":[0,0],"20":[0,0],"21":[0,0],"22":[0,0],"23":[0,0],"24":[0,0],"25":[0,0],"26":[0,0],"27":[0,0],"28":[0,0],"29":[0,0],"30":[0,0],"31":[0,0],"32":[0,0],"33":[0,0],"34":[0,0],"35":[0,0],"36":[0,0],"37":[0,0],"38":[0,0],"39":[0,0,0],"40":[0,0],"41":[0,0],"42":[0,0],"43":[0,0],"44":[0,0],"45":[0,0],"46":[0,0],"47":[0,0]},"_coverageSchema":"332fd63041d2c1bcb487cc26dd0d5f7d97098a6c","hash":"5c39df8a006e215cc47023e733007d241500838d","contentHash":"cc7f5a0c776e0be0c663b1de98199476_11.1.0"},"/Users/conalllaverty/Projects/wia-nodejs-sdk/lib/resources/Locations.js":{"path":"/Users/conalllaverty/Projects/wia-nodejs-sdk/lib/resources/Locations.js","statementMap":{"0":{"start":{"line":3,"column":20},"end":{"line":3,"column":47}},"1":{"start":{"line":4,"column":14},"end":{"line":4,"column":32}},"2":{"start":{"line":7,"column":2},"end":{"line":62,"column":3}},"3":{"start":{"line":8,"column":4},"end":{"line":8,"column":94}},"4":{"start":{"line":8,"column":14},"end":{"line":8,"column":94}},"5":{"start":{"line":10,"column":4},"end":{"line":29,"column":5}},"6":{"start":{"line":11,"column":6},"end":{"line":26,"column":9}},"7":{"start":{"line":19,"column":8},"end":{"line":25,"column":9}},"8":{"start":{"line":20,"column":10},"end":{"line":20,"column":44}},"9":{"start":{"line":20,"column":21},"end":{"line":20,"column":44}},"10":{"start":{"line":21,"column":10},"end":{"line":24,"column":93}},"11":{"start":{"line":22,"column":12},"end":{"line":22,"column":27}},"12":{"start":{"line":24,"column":12},"end":{"line":24,"column":93}},"13":{"start":{"line":28,"column":6},"end":{"line":28,"column":97}},"14":{"start":{"line":32,"column":4},"end":{"line":32,"column":60}},"15":{"start":{"line":32,"column":14},"end":{"line":32,"column":60}},"16":{"start":{"line":33,"column":4},"end":{"line":35,"column":5}},"17":{"start":{"line":34,"column":6},"end":{"line":34,"column":59}},"18":{"start":{"line":36,"column":4},"end":{"line":36,"column":69}},"19":{"start":{"line":39,"column":4},"end":{"line":39,"column":60}},"20":{"start":{"line":39,"column":14},"end":{"line":39,"column":60}},"21":{"start":{"line":40,"column":4},"end":{"line":42,"column":5}},"22":{"start":{"line":41,"column":6},"end":{"line":41,"column":59}},"23":{"start":{"line":43,"column":4},"end":{"line":43,"column":71}},"24":{"start":{"line":46,"column":4},"end":{"line":61,"column":7}},"25":{"start":{"line":54,"column":6},"end":{"line":60,"column":7}},"26":{"start":{"line":55,"column":8},"end":{"line":55,"column":42}},"27":{"start":{"line":55,"column":19},"end":{"line":55,"column":42}},"28":{"start":{"line":56,"column":8},"end":{"line":59,"column":91}},"29":{"start":{"line":57,"column":10},"end":{"line":57,"column":25}},"30":{"start":{"line":59,"column":10},"end":{"line":59,"column":91}},"31":{"start":{"line":65,"column":0},"end":{"line":65,"column":38}}},"fnMap":{"0":{"name":"WiaResourceLocations","decl":{"start":{"line":6,"column":9},"end":{"line":6,"column":29}},"loc":{"start":{"line":6,"column":35},"end":{"line":63,"column":1}},"line":6},"1":{"name":"(anonymous_1)","decl":{"start":{"line":7,"column":17},"end":{"line":7,"column":18}},"loc":{"start":{"line":7,"column":35},"end":{"line":30,"column":3}},"line":7},"2":{"name":"(anonymous_2)","decl":{"start":{"line":18,"column":9},"end":{"line":18,"column":10}},"loc":{"start":{"line":18,"column":42},"end":{"line":26,"column":7}},"line":18},"3":{"name":"(anonymous_3)","decl":{"start":{"line":31,"column":19},"end":{"line":31,"column":20}},"loc":{"start":{"line":31,"column":37},"end":{"line":37,"column":3}},"line":31},"4":{"name":"(anonymous_4)","decl":{"start":{"line":38,"column":21},"end":{"line":38,"column":22}},"loc":{"start":{"line":38,"column":39},"end":{"line":44,"column":3}},"line":38},"5":{"name":"(anonymous_5)","decl":{"start":{"line":45,"column":14},"end":{"line":45,"column":15}},"loc":{"start":{"line":45,"column":32},"end":{"line":62,"column":3}},"line":45},"6":{"name":"(anonymous_6)","decl":{"start":{"line":53,"column":7},"end":{"line":53,"column":8}},"loc":{"start":{"line":53,"column":40},"end":{"line":61,"column":5}},"line":53}},"branchMap":{"0":{"loc":{"start":{"line":8,"column":4},"end":{"line":8,"column":94}},"type":"if","locations":[{"start":{"line":8,"column":4},"end":{"line":8,"column":94}},{"start":{"line":8,"column":4},"end":{"line":8,"column":94}}],"line":8},"1":{"loc":{"start":{"line":10,"column":4},"end":{"line":29,"column":5}},"type":"if","locations":[{"start":{"line":10,"column":4},"end":{"line":29,"column":5}},{"start":{"line":10,"column":4},"end":{"line":29,"column":5}}],"line":10},"2":{"loc":{"start":{"line":10,"column":8},"end":{"line":10,"column":63}},"type":"binary-expr","locations":[{"start":{"line":10,"column":8},"end":{"line":10,"column":19}},{"start":{"line":10,"column":23},"end":{"line":10,"column":44}},{"start":{"line":10,"column":48},"end":{"line":10,"column":63}}],"line":10},"3":{"loc":{"start":{"line":19,"column":8},"end":{"line":25,"column":9}},"type":"if","locations":[{"start":{"line":19,"column":8},"end":{"line":25,"column":9}},{"start":{"line":19,"column":8},"end":{"line":25,"column":9}}],"line":19},"4":{"loc":{"start":{"line":20,"column":10},"end":{"line":20,"column":44}},"type":"if","locations":[{"start":{"line":20,"column":10},"end":{"line":20,"column":44}},{"start":{"line":20,"column":10},"end":{"line":20,"column":44}}],"line":20},"5":{"loc":{"start":{"line":21,"column":10},"end":{"line":24,"column":93}},"type":"if","locations":[{"start":{"line":21,"column":10},"end":{"line":24,"column":93}},{"start":{"line":21,"column":10},"end":{"line":24,"column":93}}],"line":21},"6":{"loc":{"start":{"line":21,"column":14},"end":{"line":21,"column":70}},"type":"binary-expr","locations":[{"start":{"line":21,"column":14},"end":{"line":21,"column":40}},{"start":{"line":21,"column":44},"end":{"line":21,"column":70}}],"line":21},"7":{"loc":{"start":{"line":24,"column":74},"end":{"line":24,"column":84}},"type":"binary-expr","locations":[{"start":{"line":24,"column":74},"end":{"line":24,"column":78}},{"start":{"line":24,"column":82},"end":{"line":24,"column":84}}],"line":24},"8":{"loc":{"start":{"line":32,"column":4},"end":{"line":32,"column":60}},"type":"if","locations":[{"start":{"line":32,"column":4},"end":{"line":32,"column":60}},{"start":{"line":32,"column":4},"end":{"line":32,"column":60}}],"line":32},"9":{"loc":{"start":{"line":33,"column":4},"end":{"line":35,"column":5}},"type":"if","locations":[{"start":{"line":33,"column":4},"end":{"line":35,"column":5}},{"start":{"line":33,"column":4},"end":{"line":35,"column":5}}],"line":33},"10":{"loc":{"start":{"line":39,"column":4},"end":{"line":39,"column":60}},"type":"if","locations":[{"start":{"line":39,"column":4},"end":{"line":39,"column":60}},{"start":{"line":39,"column":4},"end":{"line":39,"column":60}}],"line":39},"11":{"loc":{"start":{"line":40,"column":4},"end":{"line":42,"column":5}},"type":"if","locations":[{"start":{"line":40,"column":4},"end":{"line":42,"column":5}},{"start":{"line":40,"column":4},"end":{"line":42,"column":5}}],"line":40},"12":{"loc":{"start":{"line":50,"column":10},"end":{"line":50,"column":19}},"type":"binary-expr","locations":[{"start":{"line":50,"column":10},"end":{"line":50,"column":13}},{"start":{"line":50,"column":17},"end":{"line":50,"column":19}}],"line":50},"13":{"loc":{"start":{"line":54,"column":6},"end":{"line":60,"column":7}},"type":"if","locations":[{"start":{"line":54,"column":6},"end":{"line":60,"column":7}},{"start":{"line":54,"column":6},"end":{"line":60,"column":7}}],"line":54},"14":{"loc":{"start":{"line":55,"column":8},"end":{"line":55,"column":42}},"type":"if","locations":[{"start":{"line":55,"column":8},"end":{"line":55,"column":42}},{"start":{"line":55,"column":8},"end":{"line":55,"column":42}}],"line":55},"15":{"loc":{"start":{"line":56,"column":8},"end":{"line":59,"column":91}},"type":"if","locations":[{"start":{"line":56,"column":8},"end":{"line":59,"column":91}},{"start":{"line":56,"column":8},"end":{"line":59,"column":91}}],"line":56},"16":{"loc":{"start":{"line":59,"column":72},"end":{"line":59,"column":82}},"type":"binary-expr","locations":[{"start":{"line":59,"column":72},"end":{"line":59,"column":76}},{"start":{"line":59,"column":80},"end":{"line":59,"column":82}}],"line":59}},"s":{"0":1,"1":1,"2":3,"3":1,"4":0,"5":1,"6":1,"7":1,"8":1,"9":0,"10":1,"11":1,"12":0,"13":0,"14":0,"15":0,"16":0,"17":0,"18":0,"19":0,"20":0,"21":0,"22":0,"23":0,"24":0,"25":0,"26":0,"27":0,"28":0,"29":0,"30":0,"31":1},"f":{"0":3,"1":1,"2":1,"3":0,"4":0,"5":0,"6":0},"b":{"0":[0,1],"1":[1,0],"2":[1,1,0],"3":[1,0],"4":[0,1],"5":[1,0],"6":[1,0],"7":[0,0],"8":[0,0],"9":[0,0],"10":[0,0],"11":[0,0],"12":[0,0],"13":[0,0],"14":[0,0],"15":[0,0],"16":[0,0]},"_coverageSchema":"332fd63041d2c1bcb487cc26dd0d5f7d97098a6c","hash":"882f2c6503e63a1813766ec7c9fcbe0d37e803f4","contentHash":"f36528256baf0eed062941ed7ef23e8f_11.1.0"},"/Users/conalllaverty/Projects/wia-nodejs-sdk/lib/resources/Logs.js":{"path":"/Users/conalllaverty/Projects/wia-nodejs-sdk/lib/resources/Logs.js","statementMap":{"0":{"start":{"line":3,"column":20},"end":{"line":3,"column":47}},"1":{"start":{"line":4,"column":14},"en
[...]
lumn":6},"end":{"line":206,"column":7}},{"start":{"line":200,"column":6},"end":{"line":206,"column":7}}],"line":200},"51":{"loc":{"start":{"line":201,"column":8},"end":{"line":201,"column":36}},"type":"if","locations":[{"start":{"line":201,"column":8},"end":{"line":201,"column":36}},{"start":{"line":201,"column":8},"end":{"line":201,"column":36}}],"line":201},"52":{"loc":{"start":{"line":202,"column":8},"end":{"line":205,"column":85}},"type":"if","locations":[{"start":{"line":202,"column":8},"end":{"line":205,"column":85}},{"start":{"line":202,"column":8},"end":{"line":205,"column":85}}],"line":202},"53":{"loc":{"start":{"line":205,"column":72},"end":{"line":205,"column":82}},"type":"binary-expr","locations":[{"start":{"line":205,"column":72},"end":{"line":205,"column":76}},{"start":{"line":205,"column":80},"end":{"line":205,"column":82}}],"line":205}},"s":{"0":1,"1":1,"2":3,"3":0,"4":0,"5":0,"6":0,"7":0,"8":0,"9":0,"10":0,"11":0,"12":0,"13":0,"14":0,"15":0,"16":0,"17":0,"18":0,"19":0,"20":0,"21":0,"22":0,"23":0,"24":0,"25":0,"26":0,"27":0,"28":0,"29":0,"30":0,"31":0,"32":0,"33":0,"34":0,"35":0,"36":0,"37":0,"38":0,"39":0,"40":0,"41":0,"42":0,"43":0,"44":0,"45":0,"46":0,"47":0,"48":0,"49":0,"50":0,"51":0,"52":0,"53":0,"54":0,"55":0,"56":0,"57":0,"58":0,"59":0,"60":0,"61":0,"62":0,"63":0,"64":0,"65":0,"66":0,"67":0,"68":0,"69":0,"70":0,"71":0,"72":0,"73":0,"74":0,"75":0,"76":0,"77":0,"78":0,"79":0,"80":0,"81":0,"82":0,"83":0,"84":0,"85":0,"86":1},"f":{"0":3,"1":0,"2":0,"3":0,"4":0,"5":0,"6":0,"7":0,"8":0,"9":0,"10":0,"11":0,"12":0,"13":0,"14":0,"15":0,"16":0,"17":0,"18":0,"19":0,"20":0,"21":0},"b":{"0":[0,0],"1":[0,0],"2":[0,0],"3":[0,0],"4":[0,0],"5":[0,0],"6":[0,0],"7":[0,0],"8":[0,0],"9":[0,0],"10":[0,0],"11":[0,0],"12":[0,0],"13":[0,0],"14":[0,0],"15":[0,0],"16":[0,0],"17":[0,0],"18":[0,0],"19":[0,0],"20":[0,0],"21":[0,0],"22":[0,0],"23":[0,0],"24":[0,0],"25":[0,0],"26":[0,0],"27":[0,0],"28":[0,0],"29":[0,0],"30":[0,0],"31":[0,0],"32":[0,0],"33":[0,0],"34":[0,0],"35":[0,0],"36":[0,0],"37":[0,0],"38":[0,0],"39":[0,0],"40":[0,0],"41":[0,0],"42":[0,0],"43":[0,0],"44":[0,0],"45":[0,0],"46":[0,0],"47":[0,0],"48":[0,0],"49":[0,0],"50":[0,0],"51":[0,0],"52":[0,0],"53":[0,0]},"_coverageSchema":"332fd63041d2c1bcb487cc26dd0d5f7d97098a6c","hash":"41e800458f54bc899f23efda9a72a417ddebafdb","contentHash":"7e003c475e90891666bab3e6dacee0e8_11.1.0"},"/Users/conalllaverty/Projects/wia-nodejs-sdk/lib/WiaStream.js":{"path":"/Users/conalllaverty/Projects/wia-nodejs-sdk/lib/WiaStream.js","statementMap":{"0":{"start":{"line":3,"column":35},"end":{"line":3,"column":39}},"1":{"start":{"line":4,"column":22},"end":{"line":4,"column":23}},"2":{"start":{"line":5,"column":25},"end":{"line":5,"column":30}},"3":{"start":{"line":7,"column":11},"end":{"line":7,"column":26}},"4":{"start":{"line":8,"column":11},"end":{"line":8,"column":26}},"5":{"start":{"line":9,"column":19},"end":{"line":9,"column":49}},"6":{"start":{"line":10,"column":11},"end":{"line":10,"column":40}},"7":{"start":{"line":13,"column":13},"end":{"line":13,"column":17}},"8":{"start":{"line":14,"column":2},"end":{"line":14,"column":26}},"9":{"start":{"line":16,"column":2},"end":{"line":16,"column":31}},"10":{"start":{"line":18,"column":2},"end":{"line":149,"column":3}},"11":{"start":{"line":19,"column":4},"end":{"line":23,"column":7}},"12":{"start":{"line":25,"column":4},"end":{"line":36,"column":7}},"13":{"start":{"line":26,"column":6},"end":{"line":26,"column":28}},"14":{"start":{"line":27,"column":6},"end":{"line":27,"column":39}},"15":{"start":{"line":29,"column":6},"end":{"line":33,"column":7}},"16":{"start":{"line":30,"column":8},"end":{"line":32,"column":9}},"17":{"start":{"line":31,"column":10},"end":{"line":31,"column":43}},"18":{"start":{"line":35,"column":6},"end":{"line":35,"column":27}},"19":{"start":{"line":38,"column":4},"end":{"line":40,"column":7}},"20":{"start":{"line":39,"column":6},"end":{"line":39,"column":29}},"21":{"start":{"line":42,"column":4},"end":{"line":45,"column":7}},"22":{"start":{"line":43,"column":6},"end":{"line":43,"column":29}},"23":{"start":{"line":44,"column":6},"end":{"line":44,"column":30}},"24":{"start":{"line":47,"column":4},"end":{"line":50,"column":7}},"25":{"start":{"line":48,"column":6},"end":{"line":48,"column":29}},"26":{"start":{"line":49,"column":6},"end":{"line":49,"column":27}},"27":{"start":{"line":52,"column":4},"end":{"line":55,"column":7}},"28":{"start":{"line":53,"column":6},"end":{"line":53,"column":37}},"29":{"start":{"line":54,"column":6},"end":{"line":54,"column":25}},"30":{"start":{"line":57,"column":4},"end":{"line":110,"column":7}},"31":{"start":{"line":58,"column":6},"end":{"line":108,"column":7}},"32":{"start":{"line":59,"column":8},"end":{"line":105,"column":9}},"33":{"start":{"line":60,"column":27},"end":{"line":60,"column":60}},"34":{"start":{"line":61,"column":10},"end":{"line":104,"column":11}},"35":{"start":{"line":62,"column":27},"end":{"line":62,"column":40}},"36":{"start":{"line":63,"column":30},"end":{"line":63,"column":43}},"37":{"start":{"line":64,"column":25},"end":{"line":64,"column":43}},"38":{"start":{"line":66,"column":25},"end":{"line":66,"column":29}},"39":{"start":{"line":67,"column":12},"end":{"line":71,"column":13}},"40":{"start":{"line":68,"column":14},"end":{"line":68,"column":42}},"41":{"start":{"line":70,"column":14},"end":{"line":70,"column":26}},"42":{"start":{"line":73,"column":12},"end":{"line":78,"column":13}},"43":{"start":{"line":74,"column":37},"end":{"line":74,"column":68}},"44":{"start":{"line":75,"column":14},"end":{"line":75,"column":48}},"45":{"start":{"line":77,"column":14},"end":{"line":77,"column":40}},"46":{"start":{"line":80,"column":12},"end":{"line":82,"column":13}},"47":{"start":{"line":81,"column":14},"end":{"line":81,"column":76}},"48":{"start":{"line":84,"column":12},"end":{"line":86,"column":13}},"49":{"start":{"line":85,"column":14},"end":{"line":85,"column":53}},"50":{"start":{"line":88,"column":12},"end":{"line":103,"column":13}},"51":{"start":{"line":90,"column":14},"end":{"line":90,"column":83}},"52":{"start":{"line":91,"column":19},"end":{"line":103,"column":13}},"53":{"start":{"line":93,"column":14},"end":{"line":93,"column":81}},"54":{"start":{"line":94,"column":19},"end":{"line":103,"column":13}},"55":{"start":{"line":96,"column":14},"end":{"line":96,"column":86}},"56":{"start":{"line":97,"column":19},"end":{"line":103,"column":13}},"57":{"start":{"line":98,"column":14},"end":{"line":102,"column":17}},"58":{"start":{"line":99,"column":16},"end":{"line":99,"column":42}},"59":{"start":{"line":99,"column":25},"end":{"line":99,"column":42}},"60":{"start":{"line":100,"column":16},"end":{"line":100,"column":48}},"61":{"start":{"line":100,"column":28},"end":{"line":100,"column":48}},"62":{"start":{"line":101,"column":16},"end":{"line":101,"column":48}},"63":{"start":{"line":101,"column":28},"end":{"line":101,"column":48}},"64":{"start":{"line":107,"column":8},"end":{"line":107,"column":23}},"65":{"start":{"line":109,"column":6},"end":{"line":109,"column":43}},"66":{"start":{"line":113,"column":4},"end":{"line":115,"column":5}},"67":{"start":{"line":114,"column":6},"end":{"line":114,"column":60}},"68":{"start":{"line":118,"column":4},"end":{"line":124,"column":5}},"69":{"start":{"line":119,"column":6},"end":{"line":123,"column":9}},"70":{"start":{"line":121,"column":10},"end":{"line":122,"column":19}},"71":{"start":{"line":122,"column":14},"end":{"line":122,"column":19}},"72":{"start":{"line":127,"column":4},"end":{"line":127,"column":40}},"73":{"start":{"line":128,"column":4},"end":{"line":130,"column":5}},"74":{"start":{"line":129,"column":6},"end":{"line":129,"column":39}},"75":{"start":{"line":133,"column":4},"end":{"line":133,"column":42}},"76":{"start":{"line":134,"column":4},"end":{"line":136,"column":5}},"77":{"start":{"line":135,"column":6},"end":{"line":135,"column":41}},"78":{"start":{"line":139,"column":4},"end":{"line":147,"column":5}},"79":{"start":{"line":140,"column":6},"end":{"line":146,"column":7}},"80":{"start":{"line":141,"column":8},"end":{"line":145,"column":9}},"81":{"start":{"line":142,"column":10},"end":{"line":144,"column":11}},"82":{"start":{"line":143,"column":12},"end":{"line":143,"column":47}},"83":{"start":{"line":148,"column":4},"end":{"line":148,"column":33}},"84":{"start":{"line":152,"column":0},"end":{"line":152,"column":39}},"85":{"start":{"line":154,"column":0},"end":{"line":154,"column":27}}},"fnMap":{"0":{"name":"WiaStream","decl":{"start":{"line":12,"column":9},"end":{"line":12,"column":18}},"loc":{"start":{"line":12,"column":24},"end":{"line":150,"column":1}},"line":12},"1":{"name":"(anonymous_1)","decl":{"start":{"line":18,"column":17},"end":{"line":18,"column":18}},"loc":{"start":{"line":18,"column":28},"end":{"line":111,"column":3}},"line":18},"2":{"name":"(anonymous_2)","decl":{"start":{"line":25,"column":34},"end":{"line":25,"column":35}},"loc":{"start":{"line":25,"column":46},"end":{"line":36,"column":5}},"line":25},"3":{"name":"(anonymous_3)","decl":{"start":{"line":38,"column":36},"end":{"line":38,"column":37}},"loc":{"start":{"line":38,"column":48},"end":{"line":40,"column":5}},"line":38},"4":{"name":"(anonymous_4)","decl":{"start":{"line":42,"column":32},"end":{"line":42,"column":33}},"loc":{"start":{"line":42,"column":44},"end":{"line":45,"column":5}},"line":42},"5":{"name":"(anonymous_5)","decl":{"start":{"line":47,"column":34},"end":{"line":47,"column":35}},"loc":{"start":{"line":47,"column":46},"end":{"line":50,"column":5}},"line":47},"6":{"name":"(anonymous_6)","decl":{"start":{"line":52,"column":32},"end":{"line":52,"column":33}},"loc":{"start":{"line":52,"column":49},"end":{"line":55,"column":5}},"line":52},"7":{"name":"(anonymous_7)","decl":{"start":{"line":57,"column":34},"end":{"line":57,"column":35}},"loc":{"start":{"line":57,"column":60},"end":{"line":110,"column":5}},"line":57},"8":{"name":"(anonymous_8)","decl":{"start":{"line":98,"column":35},"end":{"line":98,"column":36}},"loc":{"start":{"line":98,"column":65},"end":{"line":102,"column":15}},"line":98},"9":{"name":"(anonymous_9)","decl":{"start":{"line":112,"column":20},"end":{"line":112,"column":21}},"loc":{"start":{"line":112,"column":46},"end":{"line":116,"column":3}},"line":112},"10":{"name":"(anonymous_10)","decl":{"start":{"line":117,"column":17},"end":{"line":117,"column":18}},"loc":{"start":{"line":117,"column":43},"end":{"line":125,"column":3}},"line":117},"11":{"name":"(anonymous_11)","decl":{"start":{"line":120,"column":64},"end":{"line":120,"column":65}},"loc":{"start":{"line":120,"column":75},"end":{"line":123,"column":7}},"line":120},"12":{"name":"(anonymous_12)","decl":{"start":{"line":126,"column":19},"end":{"line":126,"column":20}},"loc":{"start":{"line":126,"column":39},"end":{"line":131,"column":3}},"line":126},"13":{"name":"(anonymous_13)","decl":{"start":{"line":132,"column":21},"end":{"line":132,"column":22}},"loc":{"start":{"line":132,"column":41},"end":{"line":137,"column":3}},"line":132},"14":{"name":"(anonymous_14)","decl":{"start":{"line":138,"column":24},"end":{"line":138,"column":25}},"loc":{"start":{"line":138,"column":35},"end":{"line":149,"column":3}},"line":138}},"branchMap":{"0":{"loc":{"start":{"line":20,"column":16},"end":{"line":20,"column":75}},"type":"binary-expr","locations":[{"start":{"line":20,"column":16},"end":{"line":20,"column":46}},{"start":{"line":20,"column":50},"end":{"line":20,"column":75}}],"line":20},"1":{"loc":{"start":{"line":30,"column":8},"end":{"line":32,"column":9}},"type":"if","locations":[{"start":{"line":30,"column":8},"end":{"line":32,"column":9}},{"start":{"line":30,"column":8},"end":{"line":32,"column":9}}],"line":30},"2":{"loc":{"start":{"line":59,"column":8},"end":{"line":105,"column":9}},"type":"if","locations":[{"start":{"line":59,"column":8},"end":{"line":105,"column":9}},{"start":{"line":59,"column":8},"end":{"line":105,"column":9}}],"line":59},"3":{"loc":{"start":{"line":61,"column":10},"end":{"line":104,"column":11}},"type":"if","locations":[{"start":{"line":61,"column":10},"end":{"line":104,"column":11}},{"start":{"line":61,"column":10},"end":{"line":104,"column":11}}],"line":61},"4":{"loc":{"start":{"line":67,"column":12},"end":{"line":71,"column":13}},"type":"if","locations":[{"start":{"line":67,"column":12},"end":{"line":71,"column":13}},{"start":{"line":67,"column":12},"end":{"line":71,"column":13}}],"line":67},"5":{"loc":{"start":{"line":67,"column":16},"end":{"line":67,"column":43}},"type":"binary-expr","locations":[{"start":{"line":67,"column":16},"end":{"line":67,"column":22}},{"start":{"line":67,"column":26},"end":{"line":67,"column":43}}],"line":67},"6":{"loc":{"start":{"line":73,"column":12},"end":{"line":78,"column":13}},"type":"if","locations":[{"start":{"line":73,"column":12},"end":{"line":78,"column":13}},{"start":{"line":73,"column":12},"end":{"line":78,"column":13}}],"line":73},"7":{"loc":{"start":{"line":80,"column":12},"end":{"line":82,"column":13}},"type":"if","locations":[{"start":{"line":80,"column":12},"end":{"line":82,"column":13}},{"start":{"line":80,"column":12},"end":{"line":82,"column":13}}],"line":80},"8":{"loc":{"start":{"line":80,"column":16},"end":{"line":80,"column":148}},"type":"binary-expr","locations":[{"start":{"line":80,"column":16},"end":{"line":80,"column":69}},{"start":{"line":80,"column":73},"end":{"line":80,"column":148}}],"line":80},"9":{"loc":{"start":{"line":84,"column":12},"end":{"line":86,"column":13}},"type":"if","locations":[{"start":{"line":84,"column":12},"end":{"line":86,"column":13}},{"start":{"line":84,"column":12},"end":{"line":86,"column":13}}],"line":84},"10":{"loc":{"start":{"line":84,"column":16},"end":{"line":84,"column":102}},"type":"binary-expr","locations":[{"start":{"line":84,"column":16},"end":{"line":84,"column":46}},{"start":{"line":84,"column":50},"end":{"line":84,"column":102}}],"line":84},"11":{"loc":{"start":{"line":88,"column":12},"end":{"line":103,"column":13}},"type":"if","locations":[{"start":{"line":88,"column":12},"end":{"line":103,"column":13}},{"start":{"line":88,"column":12},"end":{"line":103,"column":13}}],"line":88},"12":{"loc":{"start":{"line":88,"column":16},"end":{"line":89,"column":100}},"type":"binary-expr","locations":[{"start":{"line":88,"column":16},"end":{"line":88,"column":50}},{"start":{"line":89,"column":18},"end":{"line":89,"column":100}}],"line":88},"13":{"loc":{"start":{"line":91,"column":19},"end":{"line":103,"column":13}},"type":"if","locations":[{"start":{"line":91,"column":19},"end":{"line":103,"column":13}},{"start":{"line":91,"column":19},"end":{"line":103,"column":13}}],"line":91},"14":{"loc":{"start":{"line":91,"column":23},"end":{"line":92,"column":98}},"type":"binary-expr","locations":[{"start":{"line":91,"column":23},"end":{"line":91,"column":55}},{"start":{"line":92,"column":18},"end":{"line":92,"column":98}}],"line":91},"15":{"loc":{"start":{"line":94,"column":19},"end":{"line":103,"column":13}},"type":"if","locations":[{"start":{"line":94,"column":19},"end":{"line":103,"column":13}},{"start":{"line":94,"column":19},"end":{"line":103,"column":13}}],"line":94},"16":{"loc":{"start":{"line":94,"column":23},"end":{"line":95,"column":103}},"type":"binary-expr","locations":[{"start":{"line":94,"column":23},"end":{"line":94,"column":60}},{"start":{"line":95,"column":18},"end":{"line":95,"column":103}}],"line":94},"17":{"loc":{"start":{"line":97,"column":19},"end":{"line":103,"column":13}},"type":"if","locations":[{"start":{"line":97,"column":19},"end":{"line":103,"column":13}},{"start":{"line":97,"column":19},"end":{"line":103,"column":13}}],"line":97},"18":{"loc":{"start":{"line":99,"column":16},"end":{"line":99,"column":42}},"type":"if","locations":[{"start":{"line":99,"column":16},"end":{"line":99,"column":42}},{"start":{"line":99,"column":16},"end":{"line":99,"column":42}}],"line":99},"19":{"loc":{"start":{"line":100,"column":16},"end":{"line":100,"column":48}},"type":"if","locations":[{"start":{"line":100,"column":16},"end":{"line":100,"column":48}},{"start":{"line":100,"column":16},"end":{"line":100,"column":48}}],"line":100},"20":{"loc":{"start":{"line":101,"column":16},"end":{"line":101,"column":48}},"type":"if","locations":[{"start":{"line":101,"column":16},"end":{"line":101,"column":48}},{"start":{"line":101,"column":16},"end":{"line":101,"column":48}}],"line":101},"21":{"loc":{"start":{"line":113,"column":4},"end":{"line":115,"column":5}},"type":"if","locations":[{"start":{"line":113,"column":4},"end":{"line":115,"column":5}},{"start":{"line":113,"column":4},"end":{"line":115,"column":5}}],"line":113},"22":{"loc":{"start":{"line":114,"column":26},"end":{"line":114,"column":46}},"type":"binary-expr","locations":[{"start":{"line":114,"column":26},"end":{"line":114,"column":37}},{"start":{"line":114,"column":41},"end":{"line":114,"column":46}}],"line":114},"23":{"loc":{"start":{"line":114,"column":48},"end":{"line":114,"column":58}},"type":"binary-expr","locations":[{"start":{"line":114,"column":48},"end":{"line":114,"column":50}},{"start":{"line":114,"column":54},"end":{"line":114,"column":58}}],"line":114},"24":{"loc":{"start":{"line":118,"column":4},"end":{"line":124,"column":5}},"type":"if","locations":[{"start":{"line":118,"column":4},"end":{"line":124,"column":5}},{"start":{"line":118,"column":4},"end":{"line":124,"column":5}}],"line":118},"25":{"loc":{"start":{"line":121,"column":10},"end":{"line":122,"column":19}},"type":"if","locations":[{"start":{"line":121,"column":10},"end":{"line":122,"column":19}},{"start":{"line":121,"column":10},"end":{"line":122,"column":19}}],"line":121},"26":{"loc":{"start":{"line":128,"column":4},"end":{"line":130,"column":5}},"type":"if","locations":[{"start":{"line":128,"column":4},"end":{"line":130,"column":5}},{"start":{"line":128,"column":4},"end":{"line":130,"column":5}}],"line":128},"27":{"loc":{"start":{"line":134,"column":4},"end":{"line":136,"column":5}},"type":"if","locations":[{"start":{"line":134,"column":4},"end":{"line":136,"column":5}},{"start":{"line":134,"column":4},"end":{"line":136,"column":5}}],"line":134},"28":{"loc":{"start":{"line":139,"column":4},"end":{"line":147,"column":5}},"type":"if","locations":[{"start":{"line":139,"column":4},"end":{"line":147,"column":5}},{"start":{"line":139,"column":4},"end":{"line":147,"column":5}}],"line":139},"29":{"loc":{"start":{"line":141,"column":8},"end":{"line":145,"column":9}},"type":"if","locations":[{"start":{"line":141,"column":8},"end":{"line":145,"column":9}},{"start":{"line":141,"column":8},"end":{"line":145,"column":9}}],"line":141},"30":{"loc":{"start":{"line":142,"column":10},"end":{"line":144,"column":11}},"type":"if","locations":[{"start":{"line":142,"column":10},"end":{"line":144,"column":11}},{"start":{"line":142,"column":10},"end":{"line":144,"column":11}}],"line":142}},"s":{"0":1,"1":1,"2":1,"3":1,"4":1,"5":1,"6":1,"7":3,"8":3,"9":3,"10":3,"11":2,"12":2,"13":2,"14":2,"15":2,"16":0,"17":0,"18":2,"19":2,"20":0,"21":2,"22":2,"23":2,"24":2,"25":0,"26":0,"27":2,"28":0,"29":0,"30":2,"31":0,"32":0,"33":0,"34":0,"35":0,"36":0,"37":0,"38":0,"39":0,"40":0,"41":0,"42":0,"43":0,"44":0,"45":0,"46":0,"47":0,"48":0,"49":0,"50":0,"51":0,"52":0,"53":0,"54":0,"55":0,"56":0,"57":0,"58":0,"59":0,"60":0,"61":0,"62":0,"63":0,"64":0,"65":0,"66":3,"67":2,"68":0,"69":0,"70":0,"71":0,"72":0,"73":0,"74":0,"75":0,"76":0,"77":0,"78":0,"79":0,"80":0,"81":0,"82":0,"83":0,"84":1,"85":1},"f":{"0":3,"1":2,"2":2,"3":0,"4":2,"5":0,"6":0,"7":0,"8":0,"9":3,"10":0,"11":0,"12":0,"13":0,"14":0},"b":{"0":[2,0],"1":[0,0],"2":[0,0],"3":[0,0],"4":[0,0],"5":[0,0],"6":[0,0],"7":[0,0],"8":[0,0],"9":[0,0],"10":[0,0],"11":[0,0],"12":[0,0],"13":[0,0],"14":[0,0],"15":[0,0],"16":[0,0],"17":[0,0],"18":[0,0],"19":[0,0],"20":[0,0],"21":[2,1],"22":[2,2],"23":[2,2],"24":[0,0],"25":[0,0],"26":[0,0],"27":[0,0],"28":[0,0],"29":[0,0],"30":[0,0]},"_coverageSchema":"332fd63041d2c1bcb487cc26dd0d5f7d97098a6c","hash":"b0dc8932f7c858803a23b56f22b070b06e5ab954","contentHash":"34a1dc55777206e31dbdad1252569e60_11.1.0"}}